            ----------
            CPD Import
            ----------

Start time: 2020-03-28 12:22:39

    Partition MicroProcessor
        Component  DIODESINCORPORATED_APX823-31W5G-7

End time: 2020-03-28 12:22:43

            ----------
            CPD Import
            ----------

Start time: 2020-03-28 12:23:14

    Partition MicroProcessor
        Component  TEXASINSTRUMENTS_TLV71210DBVR

End time: 2020-03-28 12:23:15

            ----------
            CPD Import
            ----------

Start time: 2020-03-28 12:24:09

    Partition MicroProcessor
        Component  DIODESINCORPORATED_AP7333-33SRG-7

End time: 2020-03-28 12:24:10

            ----------
            CPD Import
            ----------

Start time: 2020-03-28 12:25:27

    Partition MicroProcessor
        Component  DIODESINCORPORATED_PAM2320BECADJR

End time: 2020-03-28 12:25:29

            ----------
            CPD Import
            ----------

Start time: 2020-03-28 12:42:52

    Partition Resistor
        Component  YAGEO_RC0402JR-070RL

End time: 2020-03-28 12:42:56

            ----------
            CPD Import
            ----------

Start time: 2020-03-28 12:44:54

    Partition Capacitor
        Component  MURATAELECTRONICS_GRM155R71C103KA01J

End time: 2020-03-28 12:44:55

            ----------
            CPD Import
            ----------

Start time: 2020-03-28 12:45:57

    Partition Inductor
        Component  MURATAELECTRONICS_LQP03TN3N3B02D

End time: 2020-03-28 12:45:58

            ----------
            CPD Import
            ----------

Start time: 2020-03-28 12:46:41

    Partition Inductor
        Component  TDKCORPORATION_VLS201612ET-2R2M

End time: 2020-03-28 12:46:43

            ----------
            CPD Import
            ----------

Start time: 2020-03-28 23:08:01

    Partition Crystal
        Component  ABRACONLLC_ABLS7M2-16_000MHZ-D2Y-T

End time: 2020-03-28 23:08:18

            ----------
            CPD Import
            ----------

Start time: 2020-03-29 09:19:02

    Partition MicroProcessor
        Component  CYPRESSSEMICONDUCTOR_S34ML04G200BHI000

End time: 2020-03-29 09:19:06

            ----------
            CPD Import
            ----------

Start time: 2020-03-29 09:19:51

    Partition MicroProcessor
        Component  ADESTOTECHNOLOGIES_AT45DB161E-SSHF-T

End time: 2020-03-29 09:19:52

