--------------------------------------------------------------------------------
 Project integration - START (2020-07-03 12:43:15) 
--------------------------------------------------------------------------------
FE snapshot name: DxD
BE snapshot name: Board1_layout_temp
Top level block: (2-1-5)
Parameters: BAConnectivity,BAConstraints,FEWin,
--------------------------------------------------------------------------------
--------------------------------------------------------------------------------
 Connection synchronization - START (2020-07-03 12:43:15) 
--------------------------------------------------------------------------------
[Ok][Modification] - [BE->FE] [P: Block,Schematic1,(2-1-5)] [O: FlatComp,DIGIKEY_A31726-ND.1,(4-1-8)]
	Property: Cell Name, Operation: Change
[Ok][Modification] - [BE->FE] [P: Block,Schematic1,(2-1-5)] [O: FlatComp,Capacitor.1,(18-1-8)]
	Property: Cell Name, Operation: Change
[Ok][Modification] - [BE->FE] [P: Block,Schematic1,(2-1-5)] [O: FlatComp,DIGIKEY_490-6728-2-ND.1,(20-1-8)]
	Property: Cell Name, Operation: Change
[Ok][Modification] - [BE->FE] [P: Block,Schematic1,(2-1-5)] [O: FlatComp,DIGIKEY_490-6326-2-ND.1,(24-1-8)]
	Property: Cell Name, Operation: Change
[Ok][Modification] - [BE->FE] [P: Block,Schematic1,(2-1-5)] [O: FlatComp,DIGIKEY_AP7333-33SRG-7DITR-ND.1,(33-1-8)]
	Property: Cell Name, Operation: Change
[Ok][Modification] - [BE->FE] [P: Block,Schematic1,(2-1-5)] [O: FlatComp,DIGIKEY_445-6620-2-ND.1,(16-2-8)]
	Property: Cell Name, Operation: Change
[Ok][Modification] - [BE->FE] [P: Block,Schematic1,(2-1-5)] [O: FlatComp,Capacitor.1,(18-2-8)]
	Property: Cell Name, Operation: Change
[Ok][Modification] - [BE->FE] [P: Block,Schematic1,(2-1-5)] [O: FlatComp,DIGIKEY_490-6326-2-ND.1,(24-2-8)]
	Property: Cell Name, Operation: Change
[Ok][Modification] - [BE->FE] [P: Block,Schematic1,(2-1-5)] [O: FlatComp,DIGIKEY_APX823-31W5GDITR-ND.1,(33-2-8)]
	Property: Cell Name, Operation: Change
[Ok][Modification] - [BE->FE] [P: Block,Schematic1,(2-1-5)] [O: FlatComp,A121554TR-ND.1,(4-3-8)]
	Property: Cell Name, Operation: Change
[Ok][Modification] - [BE->FE] [P: Block,Schematic1,(2-1-5)] [O: FlatComp,Capacitor.1,(14-3-8)]
	Property: Cell Name, Operation: Change
[Ok][Modification] - [BE->FE] [P: Block,Schematic1,(2-1-5)] [O: FlatComp,DIGIKEY_311-0_0JRTR-ND.1,(16-3-8)]
	Property: Cell Name, Operation: Change
[Ok][Modification] - [BE->FE] [P: Block,Schematic1,(2-1-5)] [O: FlatComp,DIGIKEY_490-6326-2-ND.1,(20-3-8)]
	Property: Cell Name, Operation: Change
[Ok][Modification] - [BE->FE] [P: Block,Schematic1,(2-1-5)] [O: FlatComp,DIGIKEY_311-0_0JRTR-ND.1,(22-3-8)]
	Property: Cell Name, Operation: Change
[Ok][Modification] - [BE->FE] [P: Block,Schematic1,(2-1-5)] [O: FlatComp,DIGIKEY_490-6326-2-ND.1,(24-3-8)]
	Property: Cell Name, Operation: Change
[Ok][Modification] - [BE->FE] [P: Block,Schematic1,(2-1-5)] [O: FlatComp,DIGIKEY_AT45DB161E-SSHF-TTR-ND.1,(33-3-8)]
	Property: Cell Name, Operation: Change
[Ok][Modification] - [BE->FE] [P: Block,Schematic1,(2-1-5)] [O: FlatComp,DIGIKEY_AT91SAM9N12-CU-ND.1,(2-4-8)]
	Property: Cell Name, Operation: Change
[Ok][Modification] - [BE->FE] [P: Block,Schematic1,(2-1-5)] [O: FlatComp,DIGIKEY_296-29737-2-ND.1,(4-4-8)]
	Property: Cell Name, Operation: Change
[Ok][Modification] - [BE->FE] [P: Block,Schematic1,(2-1-5)] [O: FlatComp,DIGIKEY_311-0_0JRTR-ND.1,(16-4-8)]
	Property: Cell Name, Operation: Change
[Ok][Modification] - [BE->FE] [P: Block,Schematic1,(2-1-5)] [O: FlatComp,DIGIKEY_311-0_0JRTR-ND.1,(20-4-8)]
	Property: Cell Name, Operation: Change
[Ok][Modification] - [BE->FE] [P: Block,Schematic1,(2-1-5)] [O: FlatComp,DIGIKEY_311-0_0JRTR-ND.1,(22-4-8)]
	Property: Cell Name, Operation: Change
[Ok][Modification] - [BE->FE] [P: Block,Schematic1,(2-1-5)] [O: FlatComp,DIGIKEY_490-6326-2-ND.1,(24-4-8)]
	Property: Cell Name, Operation: Change
[Ok][Modification] - [BE->FE] [P: Block,Schematic1,(2-1-5)] [O: FlatComp,DIGIKEY_1274-1062-ND.1,(33-4-8)]
	Property: Cell Name, Operation: Change
[Ok][Modification] - [BE->FE] [P: Block,Schematic1,(2-1-5)] [O: FlatComp,Capacitor.1,(16-5-8)]
	Property: Cell Name, Operation: Change
[Ok][Modification] - [BE->FE] [P: Block,Schematic1,(2-1-5)] [O: FlatComp,DIGIKEY_490-6326-2-ND.1,(22-5-8)]
	Property: Cell Name, Operation: Change
[Ok][Modification] - [BE->FE] [P: Block,Schematic1,(2-1-5)] [O: FlatComp,DIGIKEY_490-6326-2-ND.1,(24-5-8)]
	Property: Cell Name, Operation: Change
[Ok][Modification] - [BE->FE] [P: Block,Schematic1,(2-1-5)] [O: FlatComp,DIGIKEY_W9751G6KB-25-ND.1,(33-5-8)]
	Property: Cell Name, Operation: Change
[Ok][Modification] - [BE->FE] [P: Block,Schematic1,(2-1-5)] [O: FlatComp,DIGIKEY_490-6326-2-ND.1,(22-6-8)]
	Property: Cell Name, Operation: Change
[Ok][Modification] - [BE->FE] [P: Block,Schematic1,(2-1-5)] [O: FlatComp,DIGIKEY_W9751G6KB-25-ND.1,(33-6-8)]
	Property: Cell Name, Operation: Change
[Ok][Modification] - [BE->FE] [P: Block,Schematic1,(2-1-5)] [O: FlatComp,Capacitor.1,(20-7-8)]
	Property: Cell Name, Operation: Change
[Ok][Modification] - [BE->FE] [P: Block,Schematic1,(2-1-5)] [O: FlatComp,DIGIKEY_490-6326-2-ND.1,(22-7-8)]
	Property: Cell Name, Operation: Change
[Ok][Modification] - [BE->FE] [P: Block,Schematic1,(2-1-5)] [O: FlatComp,DIGIKEY_490-6326-2-ND.1,(24-7-8)]
	Property: Cell Name, Operation: Change
[Ok][Modification] - [BE->FE] [P: Block,Schematic1,(2-1-5)] [O: FlatComp,DIGIKEY_490-6326-2-ND.1,(20-9-8)]
	Property: Cell Name, Operation: Change
[Ok][Modification] - [BE->FE] [P: Block,Schematic1,(2-1-5)] [O: FlatComp,DIGIKEY_490-6326-2-ND.1,(24-9-8)]
	Property: Cell Name, Operation: Change
[Ok][Modification] - [BE->FE] [P: Block,Schematic1,(2-1-5)] [O: FlatComp,Capacitor.1,(18-10-8)]
	Property: Cell Name, Operation: Change
[Ok][Modification] - [BE->FE] [P: Block,Schematic1,(2-1-5)] [O: FlatComp,DIGIKEY_490-6326-2-ND.1,(24-10-8)]
	Property: Cell Name, Operation: Change
[Ok][Modification] - [BE->FE] [P: Block,Schematic1,(2-1-5)] [O: FlatComp,DIGIKEY_PAM2320BECADJRDITR-ND.1,(33-10-8)]
	Property: Cell Name, Operation: Change
[Ok][Modification] - [BE->FE] [P: Block,Schematic1,(2-1-5)] [O: FlatComp,Capacitor.1,(18-11-8)]
	Property: Cell Name, Operation: Change
[Ok][Modification] - [BE->FE] [P: Block,Schematic1,(2-1-5)] [O: FlatComp,DIGIKEY_490-6728-2-ND.1,(20-11-8)]
	Property: Cell Name, Operation: Change
[Ok][Modification] - [BE->FE] [P: Block,Schematic1,(2-1-5)] [O: FlatComp,DIGIKEY_490-6326-2-ND.1,(22-11-8)]
	Property: Cell Name, Operation: Change
[Ok][Modification] - [BE->FE] [P: Block,Schematic1,(2-1-5)] [O: FlatComp,DIGIKEY_490-6326-2-ND.1,(24-11-8)]
	Property: Cell Name, Operation: Change
[Ok][Modification] - [BE->FE] [P: Block,Schematic1,(2-1-5)] [O: FlatComp,DIGIKEY_311-0_0JRTR-ND.1,(20-12-8)]
	Property: Cell Name, Operation: Change
[Ok][Modification] - [BE->FE] [P: Block,Schematic1,(2-1-5)] [O: FlatComp,DIGIKEY_311-0_0JRTR-ND.1,(22-12-8)]
	Property: Cell Name, Operation: Change
[Ok][Modification] - [BE->FE] [P: Block,Schematic1,(2-1-5)] [O: FlatComp,DIGIKEY_490-6326-2-ND.1,(24-12-8)]
	Property: Cell Name, Operation: Change
[Ok][Modification] - [BE->FE] [P: Block,Schematic1,(2-1-5)] [O: FlatComp,Capacitor.1,(20-14-8)]
	Property: Cell Name, Operation: Change
[Ok][Modification] - [BE->FE] [P: Block,Schematic1,(2-1-5)] [O: FlatComp,DIGIKEY_490-6326-2-ND.1,(24-14-8)]
	Property: Cell Name, Operation: Change
[Ok][Modification] - [BE->FE] [P: Block,Schematic1,(2-1-5)] [O: FlatComp,DIGIKEY_490-6326-2-ND.1,(20-15-8)]
	Property: Cell Name, Operation: Change
[Ok][Modification] - [BE->FE] [P: Block,Schematic1,(2-1-5)] [O: FlatComp,DIGIKEY_490-6326-2-ND.1,(24-15-8)]
	Property: Cell Name, Operation: Change
[Ok][Modification] - [BE->FE] [P: Block,Schematic1,(2-1-5)] [O: FlatComp,DIGIKEY_490-6326-2-ND.1,(24-16-8)]
	Property: Cell Name, Operation: Change
[Ok][Modification] - [BE->FE] [P: Block,Schematic1,(2-1-5)] [O: FlatComp,DIGIKEY_490-6326-2-ND.1,(18-17-8)]
	Property: Cell Name, Operation: Change
[Ok][Modification] - [BE->FE] [P: Block,Schematic1,(2-1-5)] [O: FlatComp,DIGIKEY_490-6326-2-ND.1,(24-17-8)]
	Property: Cell Name, Operation: Change
[Ok][Modification] - [BE->FE] [P: Block,Schematic1,(2-1-5)] [O: FlatComp,DIGIKEY_490-6326-2-ND.1,(18-18-8)]
	Property: Cell Name, Operation: Change
[Ok][Modification] - [BE->FE] [P: Block,Schematic1,(2-1-5)] [O: FlatComp,DIGIKEY_490-6326-2-ND.1,(18-19-8)]
	Property: Cell Name, Operation: Change
[Ok][Modification] - [BE->FE] [P: Block,Schematic1,(2-1-5)] [O: FlatComp,Capacitor.1,(24-19-8)]
	Property: Cell Name, Operation: Change
[Ok][Modification] - [BE->FE] [P: Block,Schematic1,(2-1-5)] [O: FlatComp,DIGIKEY_490-6326-2-ND.1,(18-20-8)]
	Property: Cell Name, Operation: Change
[Ok][Modification] - [BE->FE] [P: Block,Schematic1,(2-1-5)] [O: FlatComp,DIGIKEY_490-6728-2-ND.1,(24-20-8)]
	Property: Cell Name, Operation: Change
[Ok][Modification] - [BE->FE] [P: Block,Schematic1,(2-1-5)] [O: FlatComp,DIGIKEY_311-0_0JRTR-ND.1,(18-21-8)]
	Property: Cell Name, Operation: Change
[Ok][Modification] - [BE->FE] [P: Block,Schematic1,(2-1-5)] [O: FlatComp,DIGIKEY_490-6326-2-ND.1,(24-21-8)]
	Property: Cell Name, Operation: Change
[Ok][Modification] - [BE->FE] [P: Block,Schematic1,(2-1-5)] [O: FlatComp,DIGIKEY_311-0_0JRTR-ND.1,(20-22-8)]
	Property: Cell Name, Operation: Change
[Ok][Modification] - [BE->FE] [P: Block,Schematic1,(2-1-5)] [O: FlatComp,DIGIKEY_311-0_0JRTR-ND.1,(24-22-8)]
	Property: Cell Name, Operation: Change
[Ok][Modification] - [BE->FE] [P: Block,Schematic1,(2-1-5)] [O: FlatComp,DIGIKEY_311-0_0JRTR-ND.1,(20-23-8)]
	Property: Cell Name, Operation: Change
[Ok][Modification] - [BE->FE] [P: Block,Schematic1,(2-1-5)] [O: FlatComp,DIGIKEY_311-0_0JRTR-ND.1,(24-23-8)]
	Property: Cell Name, Operation: Change
[Ok][Modification] - [BE->FE] [P: Block,Schematic1,(2-1-5)] [O: FlatComp,DIGIKEY_535-9166-2-ND.1,(20-26-8)]
	Property: Cell Name, Operation: Change
[Ok][Modification] - [BE->FE] [P: Block,Schematic1,(2-1-5)] [O: FlatComp,DIGIKEY_490-6326-2-ND.1,(24-26-8)]
	Property: Cell Name, Operation: Change
[Ok][Modification] - [BE->FE] [P: Block,Schematic1,(2-1-5)] [O: FlatComp,DIGIKEY_535-12830-2-ND.1,(20-27-8)]
	Property: Cell Name, Operation: Change
[Ok][Modification] - [BE->FE] [P: Block,Schematic1,(2-1-5)] [O: FlatComp,DIGIKEY_490-6326-2-ND.1,(24-27-8)]
	Property: Cell Name, Operation: Change
[Ok][Modification] - [BE->FE] [P: Block,Schematic1,(2-1-5)] [O: FlatComp,DIGIKEY_490-6326-2-ND.1,(20-28-8)]
	Property: Cell Name, Operation: Change
[Ok][Modification] - [BE->FE] [P: Block,Schematic1,(2-1-5)] [O: FlatComp,DIGIKEY_311-0_0JRTR-ND.1,(24-28-8)]
	Property: Cell Name, Operation: Change
[Ok][Modification] - [BE->FE] [P: Block,Schematic1,(2-1-5)] [O: FlatComp,DIGIKEY_490-6326-2-ND.1,(20-29-8)]
	Property: Cell Name, Operation: Change
[Ok][Modification] - [BE->FE] [P: Block,Schematic1,(2-1-5)] [O: FlatComp,DIGIKEY_490-6326-2-ND.1,(20-30-8)]
	Property: Cell Name, Operation: Change
[Ok][Modification] - [BE->FE] [P: Block,Schematic1,(2-1-5)] [O: FlatComp,DIGIKEY_490-6326-2-ND.1,(20-31-8)]
	Property: Cell Name, Operation: Change
[Ok][Modification] - [BE->FE] [P: Block,Schematic1,(2-1-5)] [O: FlatComp,DIGIKEY_490-6326-2-ND.1,(20-36-8)]
	Property: Cell Name, Operation: Change
[Ok][Modification] - [BE->FE] [P: Block,Schematic1,(2-1-5)] [O: FlatComp,DIGIKEY_490-6326-2-ND.1,(20-37-8)]
	Property: Cell Name, Operation: Change
[Ok][Modification] - [BE->FE] [P: Block,Schematic1,(2-1-5)] [O: FlatComp,DIGIKEY_490-6326-2-ND.1,(20-38-8)]
	Property: Cell Name, Operation: Change
[Ok][Modification] - [BE->FE] [P: Block,Schematic1,(2-1-5)] [O: FlatComp,DIGIKEY_490-6326-2-ND.1,(20-39-8)]
	Property: Cell Name, Operation: Change
[Ok][Modification] - [BE->FE] [P: Block,Schematic1,(2-1-5)] [O: FlatComp,DIGIKEY_490-6326-2-ND.1,(20-40-8)]
	Property: Cell Name, Operation: Change
[Ok][Modification] - [BE->FE] [P: Block,Schematic1,(2-1-5)] [O: FlatComp,DIGIKEY_490-6326-2-ND.1,(20-41-8)]
	Property: Cell Name, Operation: Change
[Ok][Modification] - [BE->FE] [P: Block,Schematic1,(2-1-5)] [O: FlatComp,DIGIKEY_490-6326-2-ND.1,(20-42-8)]
	Property: Cell Name, Operation: Change
[Ok][Modification] - [BE->FE] [P: Block,Schematic1,(2-1-5)] [O: FlatComp,DIGIKEY_490-6326-2-ND.1,(20-43-8)]
	Property: Cell Name, Operation: Change
[Ok][Modification] - [BE->FE] [P: Block,Schematic1,(2-1-5)] [O: FlatComp,DIGIKEY_490-6326-2-ND.1,(20-44-8)]
	Property: Cell Name, Operation: Change
[Ok][Modification] - [BE->FE] [P: Block,Schematic1,(2-1-5)] [O: FlatComp,DIGIKEY_490-6326-2-ND.1,(20-45-8)]
	Property: Cell Name, Operation: Change
[Ok][Modification] - [BE->FE] [P: Block,Schematic1,(2-1-5)] [O: FlatComp,DIGIKEY_490-6326-2-ND.1,(20-46-8)]
	Property: Cell Name, Operation: Change
[Ok][Modification] - [BE->FE] [P: Block,Schematic1,(2-1-5)] [O: FlatComp,DIGIKEY_490-6326-2-ND.1,(20-47-8)]
	Property: Cell Name, Operation: Change
[Ok][Modification] - [BE->FE] [P: Block,Schematic1,(2-1-5)] [O: FlatComp,DIGIKEY_490-6326-2-ND.1,(20-48-8)]
	Property: Cell Name, Operation: Change
[Ok][Modification] - [BE->FE] [P: Block,Schematic1,(2-1-5)] [O: FlatComp,DIGIKEY_490-6326-2-ND.1,(20-49-8)]
	Property: Cell Name, Operation: Change
[Ok][Modification] - [BE->FE] [P: Block,Schematic1,(2-1-5)] [O: FlatComp,DIGIKEY_490-6326-2-ND.1,(20-50-8)]
	Property: Cell Name, Operation: Change
[Ok][Modification] - [BE->FE] [P: Block,Schematic1,(2-1-5)] [O: FlatComp,DIGIKEY_490-6326-2-ND.1,(20-51-8)]
	Property: Cell Name, Operation: Change
[Ok][Modification] - [BE->FE] [P: Block,Schematic1,(2-1-5)] [O: FlatComp,DIGIKEY_490-6326-2-ND.1,(20-58-8)]
	Property: Cell Name, Operation: Change
[Ok][Modification] - [BE->FE] [P: Block,Schematic1,(2-1-5)] [O: FlatComp,DIGIKEY_490-6326-2-ND.1,(20-60-8)]
	Property: Cell Name, Operation: Change
[Ok][Modification] - [BE->FE] [P: Block,Schematic1,(2-1-5)] [O: FlatComp,DIGIKEY_490-6326-2-ND.1,(20-61-8)]
	Property: Cell Name, Operation: Change
[Ok][Modification] - [BE->FE] [P: Block,Schematic1,(2-1-5)] [O: FlatComp,DIGIKEY_490-6326-2-ND.1,(20-63-8)]
	Property: Cell Name, Operation: Change
[Ok][Modification] - [BE->FE] [P: Block,Schematic1,(2-1-5)] [O: FlatComp,DIGIKEY_490-6326-2-ND.1,(20-64-8)]
	Property: Cell Name, Operation: Change
[Ok][Modification] - [BE->FE] [P: Block,Schematic1,(2-1-5)] [O: FlatComp,DIGIKEY_490-6326-2-ND.1,(20-65-8)]
	Property: Cell Name, Operation: Change
[Ok][Modification] - [BE->FE] [P: Block,Schematic1,(2-1-5)] [O: FlatComp,DIGIKEY_490-6326-2-ND.1,(20-66-8)]
	Property: Cell Name, Operation: Change
[Ok][Modification] - [BE->FE] [P: Block,Schematic1,(2-1-5)] [O: FlatComp,DIGIKEY_490-6326-2-ND.1,(20-67-8)]
	Property: Cell Name, Operation: Change
[Ok][Modification] - [BE->FE] [P: Block,Schematic1,(2-1-5)] [O: FlatComp,DIGIKEY_490-6326-2-ND.1,(20-68-8)]
	Property: Cell Name, Operation: Change
[Ok][Modification] - [BE->FE] [P: Block,Schematic1,(2-1-5)] [O: FlatComp,DIGIKEY_490-6326-2-ND.1,(20-69-8)]
	Property: Cell Name, Operation: Change
[Ok][Modification] - [BE->FE] [P: Block,Schematic1,(2-1-5)] [O: FlatComp,DIGIKEY_490-6326-2-ND.1,(20-71-8)]
	Property: Cell Name, Operation: Change
[Ok][Modification] - [BE->FE] [P: Block,Schematic1,(2-1-5)] [O: FlatComp,DIGIKEY_490-6326-2-ND.1,(20-73-8)]
	Property: Cell Name, Operation: Change
[Ok][Modification] - [BE->FE] [P: Block,Schematic1,(2-1-5)] [O: FlatComp,DIGIKEY_490-6326-2-ND.1,(20-75-8)]
	Property: Cell Name, Operation: Change
[Ok][Modification] - [BE->FE] [P: Block,Schematic1,(2-1-5)] [O: FlatComp,DIGIKEY_490-6326-2-ND.1,(20-76-8)]
	Property: Cell Name, Operation: Change
[Ok][Modification] - [BE->FE] [P: Block,Schematic1,(2-1-5)] [O: FlatComp,DIGIKEY_490-6326-2-ND.1,(20-77-8)]
	Property: Cell Name, Operation: Change
[Ok][Modification] - [BE->FE] [P: Block,Schematic1,(2-1-5)] [O: FlatComp,DIGIKEY_490-6326-2-ND.1,(20-80-8)]
	Property: Cell Name, Operation: Change
[Ok][Modification] - [BE->FE] [P: Block,Schematic1,(2-1-5)] [O: FlatComp,DIGIKEY_490-6326-2-ND.1,(20-81-8)]
	Property: Cell Name, Operation: Change
[Ok][Modification] - [BE->FE] [P: Block,Schematic1,(2-1-5)] [O: FlatComp,DIGIKEY_311-0_0JRTR-ND.1,(20-82-8)]
	Property: Cell Name, Operation: Change
[Ok][Modification] - [BE->FE] [P: Block,Schematic1,(2-1-5)] [O: FlatComp,DIGIKEY_311-0_0JRTR-ND.1,(20-83-8)]
	Property: Cell Name, Operation: Change
[Ok][Modification] - [BE->FE] [P: Block,Schematic1,(2-1-5)] [O: FlatComp,Capacitor.1,(20-84-8)]
	Property: Cell Name, Operation: Change
[Ok][Modification] - [BE->FE] [P: Block,Schematic1,(2-1-5)] [O: FlatComp,DIGIKEY_490-6728-2-ND.1,(20-85-8)]
	Property: Cell Name, Operation: Change
[Ok][Modification] - [BE->FE] [P: Block,Schematic1,(2-1-5)] [O: FlatComp,DIGIKEY_311-0_0JRTR-ND.1,(20-86-8)]
	Property: Cell Name, Operation: Change
--------------------------------------------------------------------------------
 Connection synchronization - END (2020-07-03 12:43:15) 
--------------------------------------------------------------------------------
--------------------------------------------------------------------------------
 CES synchronization - START (2020-07-03 12:43:15) 
--------------------------------------------------------------------------------
[Ok][Addition] - [BE->FE] [P: CesDesign,CesDesign,(2-1-21)] [O: CesVia,VC035D020P,(263-13-62)]
[Ok][Modification] - [BE->FE] [P: CesDesign,CesDesign,(2-1-21)] [O: CesViaSpan,Through,(5-1-27)]
[Ok][Addition] - [BE->FE] [P: CesDesign,CesDesign,(2-1-21)] [O: CesViaSpan,Layer 1-3,(239-1-27)]
[Ok][Addition] - [BE->FE] [P: CesDesign,CesDesign,(2-1-21)] [O: CesViaSpan,Layer 3-4,(239-2-27)]
[Ok][Addition] - [BE->FE] [P: CesDesign,CesDesign,(2-1-21)] [O: CesViaSpan,Layer 7-8,(239-3-27)]
[Ok][Addition] - [BE->FE] [P: CesDesign,CesDesign,(2-1-21)] [O: CesViaSpan,Layer 8-10,(239-4-27)]
[Ok][Modification] - [BE->FE] [P: CesDesign,CesDesign,(2-1-21)] [O: CesLayer,DIELECTRIC_3,(5-5-23)]
[Ok][Modification] - [BE->FE] [P: CesDesign,CesDesign,(2-1-21)] [O: CesLayer,DIELECTRIC_4,(5-7-23)]
[Ok][Modification] - [BE->FE] [P: CesDesign,CesDesign,(2-1-21)] [O: CesLayer,DIELECTRIC_5,(5-9-23)]
[Ok][Modification] - [BE->FE] [P: CesDesign,CesDesign,(2-1-21)] [O: CesLayer,CORE_1,(5-11-23)]
[Ok][Modification] - [BE->FE] [P: CesDesign,CesDesign,(2-1-21)] [O: CesLayer,DIELECTRIC_10,(5-13-23)]
[Ok][Modification] - [BE->FE] [P: CesDesign,CesDesign,(2-1-21)] [O: CesLayer,DIELECTRIC_6,(110-2-23)]
[Ok][Modification] - [BE->FE] [P: CesDesign,CesDesign,(2-1-21)] [O: CesLayer,DIELECTRIC_7,(110-4-23)]
[Ok][Modification] - [BE->FE] [P: CesDesign,CesDesign,(2-1-21)] [O: CesLayer,DIELECTRIC_8,(110-6-23)]
[Ok][Modification] - [BE->FE] [P: CesDesign,CesDesign,(2-1-21)] [O: CesLayer,DIELECTRIC_9,(110-8-23)]
[Ok][Modification] - [BE->FE] [P: CesDesign,CesDesign,(2-1-21)] [O: CesLayer,SIGNAL_3,(5-8-23)]
[Ok][Modification] - [BE->FE] [P: CesDesign,CesDesign,(2-1-21)] [O: CesLayer,PLANE_2,(5-10-23)]
[Ok][Modification] - [BE->FE] [P: CesDesign,CesDesign,(2-1-21)] [O: CesLayer,PLANE_3,(110-1-23)]
[Ok][Modification] - [BE->FE] [P: CesDesign,CesDesign,(2-1-21)] [O: CesLayer,SIGNAL_4,(110-3-23)]
[Ok][Addition] - [BE->FE] [P: CesSchemeNetClassRule,(Default),(2-1-38)] [O: CesViaAssign,Layer 1-3,(239-1-39)]
[Ok][Addition] - [BE->FE] [P: CesSchemeNetClassRule,PWR_020_MIL,(5-1-38)] [O: CesViaAssign,Layer 1-3,(239-2-39)]
[Ok][Addition] - [BE->FE] [P: CesSchemeNetClassRule,CLOCK,(5-3-38)] [O: CesViaAssign,Layer 1-3,(239-3-39)]
[Ok][Addition] - [BE->FE] [P: CesSchemeNetClassRule,DP_100_OHM,(5-5-38)] [O: CesViaAssign,Layer 1-3,(239-4-39)]
[Ok][Addition] - [BE->FE] [P: CesSchemeNetClassRule,Z0-50,(34-1-38)] [O: CesViaAssign,Layer 1-3,(239-5-39)]
[Ok][Addition] - [BE->FE] [P: CesSchemeNetClassRule,(Default),(2-2-38)] [O: CesViaAssign,Layer 1-3,(239-6-39)]
[Ok][Addition] - [BE->FE] [P: CesSchemeNetClassRule,PWR_020_MIL,(5-2-38)] [O: CesViaAssign,Layer 1-3,(239-7-39)]
[Ok][Addition] - [BE->FE] [P: CesSchemeNetClassRule,CLOCK,(5-4-38)] [O: CesViaAssign,Layer 1-3,(239-8-39)]
[Ok][Addition] - [BE->FE] [P: CesSchemeNetClassRule,DP_100_OHM,(5-6-38)] [O: CesViaAssign,Layer 1-3,(239-9-39)]
[Ok][Addition] - [BE->FE] [P: CesSchemeNetClassRule,Z0-50,(34-2-38)] [O: CesViaAssign,Layer 1-3,(239-10-39)]
[Ok][Addition] - [BE->FE] [P: CesSchemeNetClassRule,(Default),(5-7-38)] [O: CesViaAssign,Layer 1-3,(239-11-39)]
[Ok][Addition] - [BE->FE] [P: CesSchemeNetClassRule,PWR_020_MIL,(5-8-38)] [O: CesViaAssign,Layer 1-3,(239-12-39)]
[Ok][Addition] - [BE->FE] [P: CesSchemeNetClassRule,CLOCK,(5-9-38)] [O: CesViaAssign,Layer 1-3,(239-13-39)]
[Ok][Addition] - [BE->FE] [P: CesSchemeNetClassRule,DP_100_OHM,(5-10-38)] [O: CesViaAssign,Layer 1-3,(239-14-39)]
[Ok][Addition] - [BE->FE] [P: CesSchemeNetClassRule,Z0-50,(34-3-38)] [O: CesViaAssign,Layer 1-3,(239-15-39)]
[Ok][Addition] - [BE->FE] [P: CesSchemeNetClassRule,(Default),(78-1-38)] [O: CesViaAssign,Layer 1-3,(239-16-39)]
[Ok][Addition] - [BE->FE] [P: CesSchemeNetClassRule,PWR_020_MIL,(78-2-38)] [O: CesViaAssign,Layer 1-3,(239-17-39)]
[Ok][Addition] - [BE->FE] [P: CesSchemeNetClassRule,CLOCK,(78-3-38)] [O: CesViaAssign,Layer 1-3,(239-18-39)]
[Ok][Addition] - [BE->FE] [P: CesSchemeNetClassRule,DP_100_OHM,(78-4-38)] [O: CesViaAssign,Layer 1-3,(239-19-39)]
[Ok][Addition] - [BE->FE] [P: CesSchemeNetClassRule,Z0-50,(78-5-38)] [O: CesViaAssign,Layer 1-3,(239-20-39)]
[Ok][Addition] - [BE->FE] [P: CesSchemeNetClassRule,(Default),(2-1-38)] [O: CesViaAssign,Layer 3-4,(239-21-39)]
[Ok][Addition] - [BE->FE] [P: CesSchemeNetClassRule,PWR_020_MIL,(5-1-38)] [O: CesViaAssign,Layer 3-4,(239-22-39)]
[Ok][Addition] - [BE->FE] [P: CesSchemeNetClassRule,CLOCK,(5-3-38)] [O: CesViaAssign,Layer 3-4,(239-23-39)]
[Ok][Addition] - [BE->FE] [P: CesSchemeNetClassRule,DP_100_OHM,(5-5-38)] [O: CesViaAssign,Layer 3-4,(239-24-39)]
[Ok][Addition] - [BE->FE] [P: CesSchemeNetClassRule,Z0-50,(34-1-38)] [O: CesViaAssign,Layer 3-4,(239-25-39)]
[Ok][Addition] - [BE->FE] [P: CesSchemeNetClassRule,(Default),(2-2-38)] [O: CesViaAssign,Layer 3-4,(239-26-39)]
[Ok][Addition] - [BE->FE] [P: CesSchemeNetClassRule,PWR_020_MIL,(5-2-38)] [O: CesViaAssign,Layer 3-4,(239-27-39)]
[Ok][Addition] - [BE->FE] [P: CesSchemeNetClassRule,CLOCK,(5-4-38)] [O: CesViaAssign,Layer 3-4,(239-28-39)]
[Ok][Addition] - [BE->FE] [P: CesSchemeNetClassRule,DP_100_OHM,(5-6-38)] [O: CesViaAssign,Layer 3-4,(239-29-39)]
[Ok][Addition] - [BE->FE] [P: CesSchemeNetClassRule,Z0-50,(34-2-38)] [O: CesViaAssign,Layer 3-4,(239-30-39)]
[Ok][Addition] - [BE->FE] [P: CesSchemeNetClassRule,(Default),(5-7-38)] [O: CesViaAssign,Layer 3-4,(239-31-39)]
[Ok][Addition] - [BE->FE] [P: CesSchemeNetClassRule,PWR_020_MIL,(5-8-38)] [O: CesViaAssign,Layer 3-4,(239-32-39)]
[Ok][Addition] - [BE->FE] [P: CesSchemeNetClassRule,CLOCK,(5-9-38)] [O: CesViaAssign,Layer 3-4,(239-33-39)]
[Ok][Addition] - [BE->FE] [P: CesSchemeNetClassRule,DP_100_OHM,(5-10-38)] [O: CesViaAssign,Layer 3-4,(239-34-39)]
[Ok][Addition] - [BE->FE] [P: CesSchemeNetClassRule,Z0-50,(34-3-38)] [O: CesViaAssign,Layer 3-4,(239-35-39)]
[Ok][Addition] - [BE->FE] [P: CesSchemeNetClassRule,(Default),(78-1-38)] [O: CesViaAssign,Layer 3-4,(239-36-39)]
[Ok][Addition] - [BE->FE] [P: CesSchemeNetClassRule,PWR_020_MIL,(78-2-38)] [O: CesViaAssign,Layer 3-4,(239-37-39)]
[Ok][Addition] - [BE->FE] [P: CesSchemeNetClassRule,CLOCK,(78-3-38)] [O: CesViaAssign,Layer 3-4,(239-38-39)]
[Ok][Addition] - [BE->FE] [P: CesSchemeNetClassRule,DP_100_OHM,(78-4-38)] [O: CesViaAssign,Layer 3-4,(239-39-39)]
[Ok][Addition] - [BE->FE] [P: CesSchemeNetClassRule,Z0-50,(78-5-38)] [O: CesViaAssign,Layer 3-4,(239-40-39)]
[Ok][Addition] - [BE->FE] [P: CesSchemeNetClassRule,(Default),(2-1-38)] [O: CesViaAssign,Layer 7-8,(239-41-39)]
[Ok][Addition] - [BE->FE] [P: CesSchemeNetClassRule,PWR_020_MIL,(5-1-38)] [O: CesViaAssign,Layer 7-8,(239-42-39)]
[Ok][Addition] - [BE->FE] [P: CesSchemeNetClassRule,CLOCK,(5-3-38)] [O: CesViaAssign,Layer 7-8,(239-43-39)]
[Ok][Addition] - [BE->FE] [P: CesSchemeNetClassRule,DP_100_OHM,(5-5-38)] [O: CesViaAssign,Layer 7-8,(239-44-39)]
[Ok][Addition] - [BE->FE] [P: CesSchemeNetClassRule,Z0-50,(34-1-38)] [O: CesViaAssign,Layer 7-8,(239-45-39)]
[Ok][Addition] - [BE->FE] [P: CesSchemeNetClassRule,(Default),(2-2-38)] [O: CesViaAssign,Layer 7-8,(239-46-39)]
[Ok][Addition] - [BE->FE] [P: CesSchemeNetClassRule,PWR_020_MIL,(5-2-38)] [O: CesViaAssign,Layer 7-8,(239-47-39)]
[Ok][Addition] - [BE->FE] [P: CesSchemeNetClassRule,CLOCK,(5-4-38)] [O: CesViaAssign,Layer 7-8,(239-48-39)]
[Ok][Addition] - [BE->FE] [P: CesSchemeNetClassRule,DP_100_OHM,(5-6-38)] [O: CesViaAssign,Layer 7-8,(239-49-39)]
[Ok][Addition] - [BE->FE] [P: CesSchemeNetClassRule,Z0-50,(34-2-38)] [O: CesViaAssign,Layer 7-8,(239-50-39)]
[Ok][Addition] - [BE->FE] [P: CesSchemeNetClassRule,(Default),(5-7-38)] [O: CesViaAssign,Layer 7-8,(239-51-39)]
[Ok][Addition] - [BE->FE] [P: CesSchemeNetClassRule,PWR_020_MIL,(5-8-38)] [O: CesViaAssign,Layer 7-8,(239-52-39)]
[Ok][Addition] - [BE->FE] [P: CesSchemeNetClassRule,CLOCK,(5-9-38)] [O: CesViaAssign,Layer 7-8,(239-53-39)]
[Ok][Addition] - [BE->FE] [P: CesSchemeNetClassRule,DP_100_OHM,(5-10-38)] [O: CesViaAssign,Layer 7-8,(239-54-39)]
[Ok][Addition] - [BE->FE] [P: CesSchemeNetClassRule,Z0-50,(34-3-38)] [O: CesViaAssign,Layer 7-8,(239-55-39)]
[Ok][Addition] - [BE->FE] [P: CesSchemeNetClassRule,(Default),(78-1-38)] [O: CesViaAssign,Layer 7-8,(239-56-39)]
[Ok][Addition] - [BE->FE] [P: CesSchemeNetClassRule,PWR_020_MIL,(78-2-38)] [O: CesViaAssign,Layer 7-8,(239-57-39)]
[Ok][Addition] - [BE->FE] [P: CesSchemeNetClassRule,CLOCK,(78-3-38)] [O: CesViaAssign,Layer 7-8,(239-58-39)]
[Ok][Addition] - [BE->FE] [P: CesSchemeNetClassRule,DP_100_OHM,(78-4-38)] [O: CesViaAssign,Layer 7-8,(239-59-39)]
[Ok][Addition] - [BE->FE] [P: CesSchemeNetClassRule,Z0-50,(78-5-38)] [O: CesViaAssign,Layer 7-8,(239-60-39)]
[Ok][Addition] - [BE->FE] [P: CesSchemeNetClassRule,(Default),(2-1-38)] [O: CesViaAssign,Layer 8-10,(239-61-39)]
[Ok][Addition] - [BE->FE] [P: CesSchemeNetClassRule,PWR_020_MIL,(5-1-38)] [O: CesViaAssign,Layer 8-10,(239-62-39)]
[Ok][Addition] - [BE->FE] [P: CesSchemeNetClassRule,CLOCK,(5-3-38)] [O: CesViaAssign,Layer 8-10,(239-63-39)]
[Ok][Addition] - [BE->FE] [P: CesSchemeNetClassRule,DP_100_OHM,(5-5-38)] [O: CesViaAssign,Layer 8-10,(239-64-39)]
[Ok][Addition] - [BE->FE] [P: CesSchemeNetClassRule,Z0-50,(34-1-38)] [O: CesViaAssign,Layer 8-10,(239-65-39)]
[Ok][Addition] - [BE->FE] [P: CesSchemeNetClassRule,(Default),(2-2-38)] [O: CesViaAssign,Layer 8-10,(239-66-39)]
[Ok][Addition] - [BE->FE] [P: CesSchemeNetClassRule,PWR_020_MIL,(5-2-38)] [O: CesViaAssign,Layer 8-10,(239-67-39)]
[Ok][Addition] - [BE->FE] [P: CesSchemeNetClassRule,CLOCK,(5-4-38)] [O: CesViaAssign,Layer 8-10,(239-68-39)]
[Ok][Addition] - [BE->FE] [P: CesSchemeNetClassRule,DP_100_OHM,(5-6-38)] [O: CesViaAssign,Layer 8-10,(239-69-39)]
[Ok][Addition] - [BE->FE] [P: CesSchemeNetClassRule,Z0-50,(34-2-38)] [O: CesViaAssign,Layer 8-10,(239-70-39)]
[Ok][Addition] - [BE->FE] [P: CesSchemeNetClassRule,(Default),(5-7-38)] [O: CesViaAssign,Layer 8-10,(239-71-39)]
[Ok][Addition] - [BE->FE] [P: CesSchemeNetClassRule,PWR_020_MIL,(5-8-38)] [O: CesViaAssign,Layer 8-10,(239-72-39)]
[Ok][Addition] - [BE->FE] [P: CesSchemeNetClassRule,CLOCK,(5-9-38)] [O: CesViaAssign,Layer 8-10,(239-73-39)]
[Ok][Addition] - [BE->FE] [P: CesSchemeNetClassRule,DP_100_OHM,(5-10-38)] [O: CesViaAssign,Layer 8-10,(239-74-39)]
[Ok][Addition] - [BE->FE] [P: CesSchemeNetClassRule,Z0-50,(34-3-38)] [O: CesViaAssign,Layer 8-10,(239-75-39)]
[Ok][Addition] - [BE->FE] [P: CesSchemeNetClassRule,(Default),(78-1-38)] [O: CesViaAssign,Layer 8-10,(239-76-39)]
[Ok][Addition] - [BE->FE] [P: CesSchemeNetClassRule,PWR_020_MIL,(78-2-38)] [O: CesViaAssign,Layer 8-10,(239-77-39)]
[Ok][Addition] - [BE->FE] [P: CesSchemeNetClassRule,CLOCK,(78-3-38)] [O: CesViaAssign,Layer 8-10,(239-78-39)]
[Ok][Addition] - [BE->FE] [P: CesSchemeNetClassRule,DP_100_OHM,(78-4-38)] [O: CesViaAssign,Layer 8-10,(239-79-39)]
[Ok][Addition] - [BE->FE] [P: CesSchemeNetClassRule,Z0-50,(78-5-38)] [O: CesViaAssign,Layer 8-10,(239-80-39)]

--------------------------------------------------------------------------------
 TOPOLOGY synchronization - START (2020-07-03 12:43:15) 
--------------------------------------------------------------------------------
--------------------------------------------------------------------------------
 TOPOLOGY synchronization - END (2020-07-03 12:43:15) 
--------------------------------------------------------------------------------
[Ok][Modification] - [BE->FE] [P: CesLayer,DIELECTRIC_1,(5-1-23)] [O: CesConstraint,HEIGHT,(5-6-22)]
[Ok][Modification] - [BE->FE] [P: CesLayer,DIELECTRIC_2,(5-3-23)] [O: CesConstraint,DIELCONST,(5-56-22)]
[Ok][Modification] - [BE->FE] [P: CesLayer,DIELECTRIC_2,(5-3-23)] [O: CesConstraint,HEIGHT,(5-57-22)]
[Ok][Modification] - [BE->FE] [P: CesLayer,DIELECTRIC_3,(5-5-23)] [O: CesConstraint,DIELCONST,(5-107-22)]
[Ok][Modification] - [BE->FE] [P: CesLayer,DIELECTRIC_3,(5-5-23)] [O: CesConstraint,HEIGHT,(5-108-22)]
[Ok][Modification] - [BE->FE] [P: CesLayer,DIELECTRIC_4,(5-7-23)] [O: CesConstraint,DIELCONST,(5-158-22)]
[Ok][Modification] - [BE->FE] [P: CesLayer,DIELECTRIC_4,(5-7-23)] [O: CesConstraint,HEIGHT,(5-159-22)]
[Ok][Modification] - [BE->FE] [P: CesLayer,SIGNAL_3,(5-8-23)] [O: CesConstraint,BULK_RES,(5-195-22)]
[Ok][Modification] - [BE->FE] [P: CesLayer,SIGNAL_3,(5-8-23)] [O: CesConstraint,DIELCONST,(5-196-22)]
[Ok][Modification] - [BE->FE] [P: CesLayer,SIGNAL_3,(5-8-23)] [O: CesConstraint,LAYER_USAGE,(5-201-22)]
[Ok][Modification] - [BE->FE] [P: CesLayer,SIGNAL_3,(5-8-23)] [O: CesConstraint,TRACE_WIDTH,(5-202-22)]
[Ok][Modification] - [BE->FE] [P: CesLayer,DIELECTRIC_5,(5-9-23)] [O: CesConstraint,DIELCONST,(5-209-22)]
[Ok][Modification] - [BE->FE] [P: CesLayer,DIELECTRIC_5,(5-9-23)] [O: CesConstraint,HEIGHT,(5-210-22)]
[Ok][Modification] - [BE->FE] [P: CesLayer,PLANE_2,(5-10-23)] [O: CesConstraint,LAYER_USAGE,(5-252-22)]
[Ok][Modification] - [BE->FE] [P: CesLayer,CORE_1,(5-11-23)] [O: CesConstraint,DIELCONST,(5-260-22)]
[Ok][Modification] - [BE->FE] [P: CesLayer,CORE_1,(5-11-23)] [O: CesConstraint,HEIGHT,(5-261-22)]
[Ok][Modification] - [BE->FE] [P: CesLayer,DIELECTRIC_10,(5-13-23)] [O: CesConstraint,HEIGHT,(5-312-22)]
[Ok][Modification] - [BE->FE] [P: CesViaSpan,Through,(5-1-27)] [O: CesConstraint,DEFAULT_VIA,(5-627-22)]
[Ok][Modification] - [BE->FE] [P: CesElectricalNet,D0,(24-34-47)] [O: CesConstraint,MATCH_TOLERANCE,(34-17-22)]
[Ok][Modification] - [BE->FE] [P: CesElectricalNet,D1,(24-35-47)] [O: CesConstraint,MATCH_TOLERANCE,(34-18-22)]
[Ok][Modification] - [BE->FE] [P: CesElectricalNet,D2,(24-36-47)] [O: CesConstraint,MATCH_TOLERANCE,(34-19-22)]
[Ok][Modification] - [BE->FE] [P: CesElectricalNet,D3,(24-37-47)] [O: CesConstraint,MATCH_TOLERANCE,(34-20-22)]
[Ok][Modification] - [BE->FE] [P: CesElectricalNet,D4,(24-38-47)] [O: CesConstraint,MATCH_TOLERANCE,(34-21-22)]
[Ok][Modification] - [BE->FE] [P: CesElectricalNet,D5,(24-39-47)] [O: CesConstraint,MATCH_TOLERANCE,(34-22-22)]
[Ok][Modification] - [BE->FE] [P: CesElectricalNet,D6,(24-40-47)] [O: CesConstraint,MATCH_TOLERANCE,(34-23-22)]
[Ok][Modification] - [BE->FE] [P: CesElectricalNet,D7,(24-41-47)] [O: CesConstraint,MATCH_TOLERANCE,(34-24-22)]
[Ok][Modification] - [BE->FE] [P: CesElectricalNet,D8,(24-42-47)] [O: CesConstraint,MATCH_TOLERANCE,(34-25-22)]
[Ok][Modification] - [BE->FE] [P: CesElectricalNet,D9,(24-43-47)] [O: CesConstraint,MATCH_TOLERANCE,(34-26-22)]
[Ok][Modification] - [BE->FE] [P: CesElectricalNet,D10,(24-44-47)] [O: CesConstraint,MATCH_TOLERANCE,(34-27-22)]
[Ok][Modification] - [BE->FE] [P: CesElectricalNet,D11,(24-52-47)] [O: CesConstraint,MATCH_TOLERANCE,(34-28-22)]
[Ok][Modification] - [BE->FE] [P: CesElectricalNet,D12,(24-51-47)] [O: CesConstraint,MATCH_TOLERANCE,(34-29-22)]
[Ok][Modification] - [BE->FE] [P: CesElectricalNet,D13,(24-50-47)] [O: CesConstraint,MATCH_TOLERANCE,(34-30-22)]
[Ok][Modification] - [BE->FE] [P: CesElectricalNet,D14,(24-49-47)] [O: CesConstraint,MATCH_TOLERANCE,(34-31-22)]
[Ok][Modification] - [BE->FE] [P: CesElectricalNet,D15,(24-53-47)] [O: CesConstraint,MATCH_TOLERANCE,(34-32-22)]
[Ok][Modification] - [BE->FE] [P: CesLayerRule,CesLayerRule,(34-1-40)] [O: CesConstraint,TYP_TRACE_WIDTH,(34-240-22)]
[Ok][Modification] - [BE->FE] [P: CesLayerRule,CesLayerRule,(34-1-40)] [O: CesConstraint,TYP_IMPEDANCE,(34-241-22)]
[Ok][Modification] - [BE->FE] [P: CesLayerRule,CesLayerRule,(34-3-40)] [O: CesConstraint,TYP_TRACE_WIDTH,(34-248-22)]
[Ok][Modification] - [BE->FE] [P: CesLayerRule,CesLayerRule,(34-3-40)] [O: CesConstraint,TYP_IMPEDANCE,(34-249-22)]
[Ok][Modification] - [BE->FE] [P: CesLayerRule,CesLayerRule,(34-5-40)] [O: CesConstraint,TYP_TRACE_WIDTH,(34-256-22)]
[Ok][Modification] - [BE->FE] [P: CesLayerRule,CesLayerRule,(34-6-40)] [O: CesConstraint,TYP_TRACE_WIDTH,(34-260-22)]
[Ok][Modification] - [BE->FE] [P: CesLayerRule,CesLayerRule,(34-6-40)] [O: CesConstraint,TYP_IMPEDANCE,(34-261-22)]
[Ok][Modification] - [BE->FE] [P: CesLayerRule,CesLayerRule,(34-1-40)] [O: CesConstraint,DIFF_IMPEDANCE,(34-286-22)]
[Ok][Deletion] - [BE->FE] [P: CesLayer,PLANE_1,(5-4-23)] [O: CesConstraint,PLANE_NETS,(62-26-22)]
[Ok][Deletion] - [BE->FE] [P: CesLayer,PLANE_1,(5-4-23)] [O: CesConstraint,PNET_CLEARANCES,(62-28-22)]
[Ok][Deletion] - [BE->FE] [P: CesLayer,PLANE_1,(5-4-23)] [O: CesConstraint,PNET_UBORDERS,(62-29-22)]
[Ok][Modification] - [BE->FE] [P: CesLayer,SIGNAL_3,(5-8-23)] [O: CesConstraint,CONDUCTOR,(62-65-22)]
[Ok][Modification] - [BE->FE] [P: CesLayer,SIGNAL_3,(5-8-23)] [O: CesConstraint,ZZ_WIDTH,(62-73-22)]
[Ok][Modification] - [BE->FE] [P: CesLayer,SIGNAL_3,(5-8-23)] [O: CesConstraint,GAP,(62-74-22)]
[Ok][Deletion] - [BE->FE] [P: CesLayer,PLANE_2,(5-10-23)] [O: CesConstraint,PLANE_NETS,(62-81-22)]
[Ok][Deletion] - [BE->FE] [P: CesLayer,PLANE_2,(5-10-23)] [O: CesConstraint,PNET_CLEARANCES,(62-83-22)]
[Ok][Deletion] - [BE->FE] [P: CesLayer,PLANE_2,(5-10-23)] [O: CesConstraint,PNET_UBORDERS,(62-84-22)]
[Ok][Modification] - [BE->FE] [P: CesLayerRule,CesLayerRule,(34-6-40)] [O: CesConstraint,DIFF_IMPEDANCE,(66-2-22)]
[Ok][Modification] - [BE->FE] [P: CesLayerRule,CesLayerRule,(34-3-40)] [O: CesConstraint,DIFF_IMPEDANCE,(66-3-22)]
[Ok][Modification] - [BE->FE] [P: CesSchemeNetClassRule,Z0-50,(34-1-38)] [O: CesConstraint,VIA_ASSIGN,(78-1-22)]
[Ok][Modification] - [BE->FE] [P: CesViaAssign,Through,(34-1-39)] [O: CesConstraint,NET_CLASS_VIA,(78-2-22)]
[Ok][Modification] - [BE->FE] [P: CesLayerRule,CesLayerRule,(78-7-40)] [O: CesConstraint,EXP_TRACE_WIDTH,(78-33-22)]
[Ok][Modification] - [BE->FE] [P: CesLayerRule,CesLayerRule,(78-7-40)] [O: CesConstraint,TYP_TRACE_WIDTH,(78-34-22)]
[Ok][Modification] - [BE->FE] [P: CesLayerRule,CesLayerRule,(78-7-40)] [O: CesConstraint,TYP_IMPEDANCE,(78-35-22)]
[Ok][Modification] - [BE->FE] [P: CesLayerRule,CesLayerRule,(78-8-40)] [O: CesConstraint,EXP_TRACE_WIDTH,(78-37-22)]
[Ok][Modification] - [BE->FE] [P: CesLayerRule,CesLayerRule,(78-8-40)] [O: CesConstraint,TYP_TRACE_WIDTH,(78-38-22)]
[Ok][Modification] - [BE->FE] [P: CesLayerRule,CesLayerRule,(78-9-40)] [O: CesConstraint,EXP_TRACE_WIDTH,(78-41-22)]
[Ok][Modification] - [BE->FE] [P: CesLayerRule,CesLayerRule,(78-9-40)] [O: CesConstraint,TYP_TRACE_WIDTH,(78-42-22)]
[Ok][Modification] - [BE->FE] [P: CesLayerRule,CesLayerRule,(78-9-40)] [O: CesConstraint,TYP_IMPEDANCE,(78-43-22)]
[Ok][Modification] - [BE->FE] [P: CesLayerRule,CesLayerRule,(78-10-40)] [O: CesConstraint,EXP_TRACE_WIDTH,(78-45-22)]
[Ok][Modification] - [BE->FE] [P: CesLayerRule,CesLayerRule,(78-10-40)] [O: CesConstraint,TYP_TRACE_WIDTH,(78-46-22)]
[Ok][Modification] - [BE->FE] [P: CesLayerRule,CesLayerRule,(78-11-40)] [O: CesConstraint,EXP_TRACE_WIDTH,(78-49-22)]
[Ok][Modification] - [BE->FE] [P: CesLayerRule,CesLayerRule,(78-11-40)] [O: CesConstraint,TYP_TRACE_WIDTH,(78-50-22)]
[Ok][Modification] - [BE->FE] [P: CesLayerRule,CesLayerRule,(78-12-40)] [O: CesConstraint,EXP_TRACE_WIDTH,(78-53-22)]
[Ok][Modification] - [BE->FE] [P: CesLayerRule,CesLayerRule,(78-12-40)] [O: CesConstraint,TYP_TRACE_WIDTH,(78-54-22)]
[Ok][Modification] - [BE->FE] [P: CesLayerRule,CesLayerRule,(78-12-40)] [O: CesConstraint,TYP_IMPEDANCE,(78-55-22)]
[Ok][Modification] - [BE->FE] [P: CesLayerRule,CesLayerRule,(78-7-40)] [O: CesConstraint,DIFF_IMPEDANCE,(104-41-22)]
[Ok][Modification] - [BE->FE] [P: CesLayerRule,CesLayerRule,(78-9-40)] [O: CesConstraint,DIFF_IMPEDANCE,(104-42-22)]
[Ok][Modification] - [BE->FE] [P: CesLayerRule,CesLayerRule,(78-12-40)] [O: CesConstraint,DIFF_IMPEDANCE,(104-44-22)]
[Ok][Deletion] - [BE->FE] [P: CesLayerRule,CesLayerRule,(110-5-40)] [O: CesConstraint,TYP_IMPEDANCE,(110-83-22)]
[Ok][Modification] - [BE->FE] [P: CesLayerRule,CesLayerRule,(110-45-40)] [O: CesConstraint,TYP_IMPEDANCE,(110-307-22)]
[Ok][Deletion] - [BE->FE] [P: CesLayer,SIGNAL_3,(5-8-23)] [O: CesConstraint,PLANE_NETS,(110-449-22)]
[Ok][Deletion] - [BE->FE] [P: CesLayer,SIGNAL_3,(5-8-23)] [O: CesConstraint,PNET_CLEARANCES,(110-451-22)]
[Ok][Deletion] - [BE->FE] [P: CesLayer,SIGNAL_3,(5-8-23)] [O: CesConstraint,PNET_UBORDERS,(110-452-22)]
[Ok][Deletion] - [BE->FE] [P: CesLayer,PLANE_2,(5-10-23)] [O: CesConstraint,LAYER_ETCH_FACTOR,(110-453-22)]
[Ok][Deletion] - [BE->FE] [P: CesLayer,PLANE_2,(5-10-23)] [O: CesConstraint,LAYER_NARROW_SIDE,(110-454-22)]
[Ok][Modification] - [BE->FE] [P: CesLayer,PLANE_3,(110-1-23)] [O: CesConstraint,LAYER_USAGE,(110-458-22)]
[Ok][Modification] - [BE->FE] [P: CesLayer,PLANE_3,(110-1-23)] [O: CesConstraint,LAYER_DESC,(110-459-22)]
[Ok][Deletion] - [BE->FE] [P: CesLayer,PLANE_3,(110-1-23)] [O: CesConstraint,LAYER_ETCH_FACTOR,(110-472-22)]
[Ok][Deletion] - [BE->FE] [P: CesLayer,PLANE_3,(110-1-23)] [O: CesConstraint,LAYER_NARROW_SIDE,(110-473-22)]
[Ok][Modification] - [BE->FE] [P: CesLayer,DIELECTRIC_6,(110-2-23)] [O: CesConstraint,HEIGHT,(110-487-22)]
[Ok][Modification] - [BE->FE] [P: CesLayer,DIELECTRIC_6,(110-2-23)] [O: CesConstraint,DIELCONST,(110-488-22)]
[Ok][Modification] - [BE->FE] [P: CesLayer,SIGNAL_4,(110-3-23)] [O: CesConstraint,LAYER_USAGE,(110-494-22)]
[Ok][Deletion] - [BE->FE] [P: CesLayer,SIGNAL_4,(110-3-23)] [O: CesConstraint,PLANE_NETS,(110-495-22)]
[Ok][Deletion] - [BE->FE] [P: CesLayer,SIGNAL_4,(110-3-23)] [O: CesConstraint,PNET_CLEARANCES,(110-497-22)]
[Ok][Deletion] - [BE->FE] [P: CesLayer,SIGNAL_4,(110-3-23)] [O: CesConstraint,PNET_UBORDERS,(110-498-22)]
[Ok][Modification] - [BE->FE] [P: CesLayer,SIGNAL_4,(110-3-23)] [O: CesConstraint,LAYER_DESC,(110-499-22)]
[Ok][Modification] - [BE->FE] [P: CesLayer,DIELECTRIC_7,(110-4-23)] [O: CesConstraint,HEIGHT,(110-521-22)]
[Ok][Modification] - [BE->FE] [P: CesLayer,DIELECTRIC_7,(110-4-23)] [O: CesConstraint,DIELCONST,(110-522-22)]
[Ok][Modification] - [BE->FE] [P: CesLayer,SIGNAL_5,(110-5-23)] [O: CesConstraint,HEIGHT,(110-544-22)]
[Ok][Modification] - [BE->FE] [P: CesLayer,DIELECTRIC_8,(110-6-23)] [O: CesConstraint,HEIGHT,(110-557-22)]
[Ok][Modification] - [BE->FE] [P: CesLayer,DIELECTRIC_8,(110-6-23)] [O: CesConstraint,DIELCONST,(110-558-22)]
[Ok][Deletion] - [BE->FE] [P: CesLayer,PLANE_4,(110-7-23)] [O: CesConstraint,PLANE_NETS,(110-565-22)]
[Ok][Deletion] - [BE->FE] [P: CesLayer,PLANE_4,(110-7-23)] [O: CesConstraint,PNET_CLEARANCES,(110-567-22)]
[Ok][Deletion] - [BE->FE] [P: CesLayer,PLANE_4,(110-7-23)] [O: CesConstraint,PNET_UBORDERS,(110-568-22)]
[Ok][Modification] - [BE->FE] [P: CesLayer,DIELECTRIC_9,(110-8-23)] [O: CesConstraint,HEIGHT,(110-591-22)]
[Ok][Modification] - [BE->FE] [P: CesLayer,DIELECTRIC_9,(110-8-23)] [O: CesConstraint,DIELCONST,(110-592-22)]
[Ok][Deletion] - [BE->FE] [P: CesLayerRule,CesLayerRule,(5-9-40)] [O: CesConstraint,DIFF_IMPEDANCE,(110-599-22)]
[Ok][Deletion] - [BE->FE] [P: CesLayerRule,CesLayerRule,(110-1-40)] [O: CesConstraint,DIFF_IMPEDANCE,(110-601-22)]
[Ok][Deletion] - [BE->FE] [P: CesLayerRule,CesLayerRule,(5-17-40)] [O: CesConstraint,DIFF_IMPEDANCE,(110-605-22)]
[Ok][Deletion] - [BE->FE] [P: CesLayerRule,CesLayerRule,(110-2-40)] [O: CesConstraint,DIFF_IMPEDANCE,(110-607-22)]
[Ok][Deletion] - [BE->FE] [P: CesLayerRule,CesLayerRule,(5-29-40)] [O: CesConstraint,DIFF_IMPEDANCE,(110-611-22)]
[Ok][Deletion] - [BE->FE] [P: CesLayerRule,CesLayerRule,(110-3-40)] [O: CesConstraint,DIFF_IMPEDANCE,(110-613-22)]
[Ok][Deletion] - [BE->FE] [P: CesLayerRule,CesLayerRule,(5-41-40)] [O: CesConstraint,DIFF_IMPEDANCE,(110-617-22)]
[Ok][Deletion] - [BE->FE] [P: CesLayerRule,CesLayerRule,(110-4-40)] [O: CesConstraint,DIFF_IMPEDANCE,(110-619-22)]
[Ok][Deletion] - [BE->FE] [P: CesLayerRule,CesLayerRule,(34-5-40)] [O: CesConstraint,TYP_IMPEDANCE,(110-622-22)]
[Ok][Deletion] - [BE->FE] [P: CesLayerRule,CesLayerRule,(34-5-40)] [O: CesConstraint,DIFF_IMPEDANCE,(110-623-22)]
[Ok][Deletion] - [BE->FE] [P: CesLayerRule,CesLayerRule,(110-5-40)] [O: CesConstraint,DIFF_IMPEDANCE,(110-624-22)]
[Ok][Modification] - [BE->FE] [P: CesLayerRule,CesLayerRule,(110-45-40)] [O: CesConstraint,DIFF_IMPEDANCE,(110-625-22)]
[Ok][Deletion] - [BE->FE] [P: CesLayerRule,CesLayerRule,(5-53-40)] [O: CesConstraint,DIFF_IMPEDANCE,(110-627-22)]
[Ok][Deletion] - [BE->FE] [P: CesLayerRule,CesLayerRule,(110-11-40)] [O: CesConstraint,DIFF_IMPEDANCE,(110-629-22)]
[Ok][Deletion] - [BE->FE] [P: CesLayerRule,CesLayerRule,(5-59-40)] [O: CesConstraint,DIFF_IMPEDANCE,(110-633-22)]
[Ok][Deletion] - [BE->FE] [P: CesLayerRule,CesLayerRule,(110-12-40)] [O: CesConstraint,DIFF_IMPEDANCE,(110-635-22)]
[Ok][Deletion] - [BE->FE] [P: CesLayerRule,CesLayerRule,(5-65-40)] [O: CesConstraint,DIFF_IMPEDANCE,(110-639-22)]
[Ok][Deletion] - [BE->FE] [P: CesLayerRule,CesLayerRule,(110-13-40)] [O: CesConstraint,DIFF_IMPEDANCE,(110-641-22)]
[Ok][Deletion] - [BE->FE] [P: CesLayerRule,CesLayerRule,(5-71-40)] [O: CesConstraint,DIFF_IMPEDANCE,(110-645-22)]
[Ok][Deletion] - [BE->FE] [P: CesLayerRule,CesLayerRule,(110-14-40)] [O: CesConstraint,DIFF_IMPEDANCE,(110-647-22)]
[Ok][Deletion] - [BE->FE] [P: CesLayerRule,CesLayerRule,(34-17-40)] [O: CesConstraint,DIFF_IMPEDANCE,(110-651-22)]
[Ok][Deletion] - [BE->FE] [P: CesLayerRule,CesLayerRule,(110-15-40)] [O: CesConstraint,DIFF_IMPEDANCE,(110-653-22)]
[Ok][Deletion] - [BE->FE] [P: CesLayerRule,CesLayerRule,(78-5-40)] [O: CesConstraint,DIFF_IMPEDANCE,(110-657-22)]
[Ok][Deletion] - [BE->FE] [P: CesLayerRule,CesLayerRule,(110-16-40)] [O: CesConstraint,DIFF_IMPEDANCE,(110-659-22)]
[Ok][Deletion] - [BE->FE] [P: CesLayerRule,CesLayerRule,(78-11-40)] [O: CesConstraint,TYP_IMPEDANCE,(110-662-22)]
[Ok][Deletion] - [BE->FE] [P: CesLayerRule,CesLayerRule,(78-11-40)] [O: CesConstraint,DIFF_IMPEDANCE,(110-663-22)]
[Ok][Deletion] - [BE->FE] [P: CesLayerRule,CesLayerRule,(110-17-40)] [O: CesConstraint,TYP_IMPEDANCE,(110-664-22)]
[Ok][Deletion] - [BE->FE] [P: CesLayerRule,CesLayerRule,(110-17-40)] [O: CesConstraint,DIFF_IMPEDANCE,(110-665-22)]
[Ok][Modification] - [BE->FE] [P: CesLayerRule,CesLayerRule,(110-57-40)] [O: CesConstraint,TYP_IMPEDANCE,(110-666-22)]
[Ok][Modification] - [BE->FE] [P: CesLayerRule,CesLayerRule,(110-57-40)] [O: CesConstraint,DIFF_IMPEDANCE,(110-667-22)]
[Ok][Deletion] - [BE->FE] [P: CesLayerRule,CesLayerRule,(78-17-40)] [O: CesConstraint,DIFF_IMPEDANCE,(110-669-22)]
[Ok][Deletion] - [BE->FE] [P: CesLayerRule,CesLayerRule,(110-18-40)] [O: CesConstraint,DIFF_IMPEDANCE,(110-671-22)]
[Ok][Deletion] - [BE->FE] [P: CesLayerRule,CesLayerRule,(78-23-40)] [O: CesConstraint,DIFF_IMPEDANCE,(110-675-22)]
[Ok][Deletion] - [BE->FE] [P: CesLayerRule,CesLayerRule,(110-19-40)] [O: CesConstraint,DIFF_IMPEDANCE,(110-677-22)]
[Ok][Deletion] - [BE->FE] [P: CesLayerRule,CesLayerRule,(78-29-40)] [O: CesConstraint,DIFF_IMPEDANCE,(110-681-22)]
[Ok][Deletion] - [BE->FE] [P: CesLayerRule,CesLayerRule,(110-20-40)] [O: CesConstraint,DIFF_IMPEDANCE,(110-682-22)]
[Ok][Modification] - [BE->FE] [P: CesLayerRule,CesLayerRule,(110-5-40)] [O: CesConstraint,TYP_TRACE_WIDTH,(110-688-22)]
[Ok][Modification] - [BE->FE] [P: CesLayerRule,CesLayerRule,(110-45-40)] [O: CesConstraint,TYP_TRACE_WIDTH,(110-690-22)]
[Ok][Addition] - [BE->FE] [P: CesLayer,SIGNAL_3,(5-8-23)] [O: CesConstraint,LAYER_ETCH_FACTOR,(238-1-22)]
[Ok][Addition] - [BE->FE] [P: CesLayer,SIGNAL_3,(5-8-23)] [O: CesConstraint,LAYER_NARROW_SIDE,(238-2-22)]
[Ok][Addition] - [BE->FE] [P: CesLayer,PLANE_3,(110-1-23)] [O: CesConstraint,PLANE_TYPE,(238-4-22)]
[Ok][Addition] - [BE->FE] [P: CesLayer,SIGNAL_4,(110-3-23)] [O: CesConstraint,LAYER_ETCH_FACTOR,(238-7-22)]
[Ok][Addition] - [BE->FE] [P: CesLayer,SIGNAL_4,(110-3-23)] [O: CesConstraint,LAYER_NARROW_SIDE,(238-8-22)]
[Ok][Addition] - [BE->FE] [P: CesLayer,SIGNAL_4,(110-3-23)] [O: CesConstraint,TRACE_WIDTH,(238-9-22)]
[Ok][Addition] - [BE->FE] [P: CesLayer,SIGNAL_4,(110-3-23)] [O: CesConstraint,TARGET_Z0,(238-10-22)]
[Ok][Addition] - [BE->FE] [P: CesLayer,SIGNAL_4,(110-3-23)] [O: CesConstraint,ZZ_WIDTH,(238-11-22)]
[Ok][Addition] - [BE->FE] [P: CesLayer,SIGNAL_4,(110-3-23)] [O: CesConstraint,GAP,(238-12-22)]
[Ok][Addition] - [BE->FE] [P: CesViaSpan,Layer 1-3,(239-1-27)] [O: CesConstraint,DEFAULT_VIA,(239-1-22)]
[Ok][Addition] - [BE->FE] [P: CesViaSpan,Layer 3-4,(239-2-27)] [O: CesConstraint,DEFAULT_VIA,(239-2-22)]
[Ok][Addition] - [BE->FE] [P: CesViaSpan,Layer 7-8,(239-3-27)] [O: CesConstraint,DEFAULT_VIA,(239-3-22)]
[Ok][Addition] - [BE->FE] [P: CesViaSpan,Layer 8-10,(239-4-27)] [O: CesConstraint,DEFAULT_VIA,(239-4-22)]
[Ok][Addition] - [BE->FE] [P: CesSchemeNetClassRule,(Default),(2-1-38)] [O: CesConstraint,VIA_ASSIGN,(241-1-22)]
[Ok][Addition] - [BE->FE] [P: CesViaAssign,Through,(5-1-39)] [O: CesConstraint,MULTIPLE_VIA_VALUE,(241-2-22)]
[Ok][Addition] - [BE->FE] [P: CesViaAssign,Through,(5-1-39)] [O: CesConstraint,NET_CLASS_VIA,(241-3-22)]
[Ok][Addition] - [BE->FE] [P: CesLayerRule,CesLayerRule,(5-3-40)] [O: CesConstraint,ROUTE,(241-4-22)]
[Ok][Addition] - [BE->FE] [P: CesLayerRule,CesLayerRule,(5-50-40)] [O: CesConstraint,ROUTE,(241-5-22)]
[Ok][Addition] - [BE->FE] [P: CesLayerRule,CesLayerRule,(78-2-40)] [O: CesConstraint,ROUTE,(241-6-22)]
[Ok][Addition] - [BE->FE] [P: CesElectricalNet,D8,(24-42-47)] [O: CesConstraint,DELAY_TYPE,(255-1-22)]
[Ok][Addition] - [BE->FE] [P: CesConstraintClass,(All),(2-1-26)] [O: CesConstraint,STUB_LENGTH,(269-1-22)]
[Ok][Addition] - [BE->FE] [P: CesDiffPair,USBDM,USBDP,(66-2-46)] [O: CesConstraint,STUB_LENGTH,(269-2-22)]
[Ok][Addition] - [BE->FE] [P: CesElectricalNet,USBDM,(18-10-47)] [O: CesConstraint,STUB_LENGTH,(269-3-22)]
[Ok][Addition] - [BE->FE] [P: CesPhysicalNet,USBDM,(18-10-49)] [O: CesConstraint,STUB_LENGTH,(269-4-22)]
[Ok][Addition] - [BE->FE] [P: CesElectricalNet,USBDP,(18-11-47)] [O: CesConstraint,STUB_LENGTH,(269-5-22)]
[Ok][Addition] - [BE->FE] [P: CesPhysicalNet,USBDP,(18-11-49)] [O: CesConstraint,STUB_LENGTH,(269-6-22)]
[Ok][Addition] - [BE->FE] [P: CesDiffPair,USBHM,USBHP,(66-1-46)] [O: CesConstraint,STUB_LENGTH,(269-7-22)]
[Ok][Addition] - [BE->FE] [P: CesElectricalNet,USBHM,(18-8-47)] [O: CesConstraint,STUB_LENGTH,(269-8-22)]
[Ok][Addition] - [BE->FE] [P: CesPhysicalNet,USBHM,(18-8-49)] [O: CesConstraint,STUB_LENGTH,(269-9-22)]
[Ok][Addition] - [BE->FE] [P: CesElectricalNet,USBHP,(18-9-47)] [O: CesConstraint,STUB_LENGTH,(269-10-22)]
[Ok][Addition] - [BE->FE] [P: CesPhysicalNet,USBHP,(18-9-49)] [O: CesConstraint,STUB_LENGTH,(269-11-22)]
[Ok][Addition] - [BE->FE] [P: CesElectricalNet,$1N451,(16-2-47)] [O: CesConstraint,STUB_LENGTH,(269-12-22)]
[Ok][Addition] - [BE->FE] [P: CesPhysicalNet,$1N451,(16-2-49)] [O: CesConstraint,STUB_LENGTH,(269-13-22)]
[Ok][Addition] - [BE->FE] [P: CesElectricalNet,+3.3V,(16-3-47)] [O: CesConstraint,STUB_LENGTH,(269-14-22)]
[Ok][Addition] - [BE->FE] [P: CesPhysicalNet,+3.3V,(16-3-49)] [O: CesConstraint,STUB_LENGTH,(269-15-22)]
[Ok][Addition] - [BE->FE] [P: CesElectricalNet,FB,(16-4-47)] [O: CesConstraint,STUB_LENGTH,(269-16-22)]
[Ok][Addition] - [BE->FE] [P: CesPhysicalNet,FB,(16-4-49)] [O: CesConstraint,STUB_LENGTH,(269-17-22)]
[Ok][Addition] - [BE->FE] [P: CesElectricalNet,+5.0V,(16-8-47)] [O: CesConstraint,STUB_LENGTH,(269-18-22)]
[Ok][Addition] - [BE->FE] [P: CesPhysicalNet,+5.0V,(16-8-49)] [O: CesConstraint,STUB_LENGTH,(269-19-22)]
[Ok][Addition] - [BE->FE] [P: CesElectricalNet,$1N989,(20-10-47)] [O: CesConstraint,STUB_LENGTH,(269-20-22)]
[Ok][Addition] - [BE->FE] [P: CesPhysicalNet,$1N989,(20-10-49)] [O: CesConstraint,STUB_LENGTH,(269-21-22)]
[Ok][Addition] - [BE->FE] [P: CesElectricalNet,$1N1053,(20-12-47)] [O: CesConstraint,STUB_LENGTH,(269-22-22)]
[Ok][Addition] - [BE->FE] [P: CesPhysicalNet,$1N1053,(20-12-49)] [O: CesConstraint,STUB_LENGTH,(269-23-22)]
[Ok][Addition] - [BE->FE] [P: CesElectricalNet,$1N688,(18-5-47)] [O: CesConstraint,STUB_LENGTH,(269-24-22)]
[Ok][Addition] - [BE->FE] [P: CesPhysicalNet,$1N688,(18-5-49)] [O: CesConstraint,STUB_LENGTH,(269-25-22)]
[Ok][Addition] - [BE->FE] [P: CesElectricalNet,RESET,(18-6-47)] [O: CesConstraint,STUB_LENGTH,(269-26-22)]
[Ok][Addition] - [BE->FE] [P: CesPhysicalNet,RESET,(18-6-49)] [O: CesConstraint,STUB_LENGTH,(269-27-22)]
[Ok][Addition] - [BE->FE] [P: CesElectricalNet,$1N788,(20-1-47)] [O: CesConstraint,STUB_LENGTH,(269-28-22)]
[Ok][Addition] - [BE->FE] [P: CesPhysicalNet,$1N788,(20-1-49)] [O: CesConstraint,STUB_LENGTH,(269-29-22)]
[Ok][Addition] - [BE->FE] [P: CesElectricalNet,$1N790,(20-2-47)] [O: CesConstraint,STUB_LENGTH,(269-30-22)]
[Ok][Addition] - [BE->FE] [P: CesPhysicalNet,$1N790,(20-2-49)] [O: CesConstraint,STUB_LENGTH,(269-31-22)]
[Ok][Addition] - [BE->FE] [P: CesElectricalNet,$1N817,(20-4-47)] [O: CesConstraint,STUB_LENGTH,(269-32-22)]
[Ok][Addition] - [BE->FE] [P: CesPhysicalNet,$1N817,(20-4-49)] [O: CesConstraint,STUB_LENGTH,(269-33-22)]
[Ok][Addition] - [BE->FE] [P: CesElectricalNet,$1N816,(20-5-47)] [O: CesConstraint,STUB_LENGTH,(269-34-22)]
[Ok][Addition] - [BE->FE] [P: CesPhysicalNet,$1N816,(20-5-49)] [O: CesConstraint,STUB_LENGTH,(269-35-22)]
[Ok][Addition] - [BE->FE] [P: CesElectricalNet,$1N1056,(20-13-47)] [O: CesConstraint,STUB_LENGTH,(269-36-22)]
[Ok][Addition] - [BE->FE] [P: CesPhysicalNet,$1N1056,(20-13-49)] [O: CesConstraint,STUB_LENGTH,(269-37-22)]
[Ok][Addition] - [BE->FE] [P: CesElectricalNet,+1V,(20-7-47)] [O: CesConstraint,STUB_LENGTH,(269-38-22)]
[Ok][Addition] - [BE->FE] [P: CesPhysicalNet,+1V,(20-7-49)] [O: CesConstraint,STUB_LENGTH,(269-39-22)]
[Ok][Addition] - [BE->FE] [P: CesElectricalNet,$1N1790,(22-1-47)] [O: CesConstraint,STUB_LENGTH,(269-40-22)]
[Ok][Addition] - [BE->FE] [P: CesPhysicalNet,$1N1790,(22-1-49)] [O: CesConstraint,STUB_LENGTH,(269-41-22)]
[Ok][Addition] - [BE->FE] [P: CesElectricalNet,$1N1059,(20-14-47)] [O: CesConstraint,STUB_LENGTH,(269-42-22)]
[Ok][Addition] - [BE->FE] [P: CesPhysicalNet,$1N1059,(20-14-49)] [O: CesConstraint,STUB_LENGTH,(269-43-22)]
[Ok][Addition] - [BE->FE] [P: CesElectricalNet,$1N1061,(20-15-47)] [O: CesConstraint,STUB_LENGTH,(269-44-22)]
[Ok][Addition] - [BE->FE] [P: CesPhysicalNet,$1N1061,(20-15-49)] [O: CesConstraint,STUB_LENGTH,(269-45-22)]
[Ok][Addition] - [BE->FE] [P: CesElectricalNet,VREF1,(20-32-47)] [O: CesConstraint,STUB_LENGTH,(269-46-22)]
[Ok][Addition] - [BE->FE] [P: CesPhysicalNet,VREF1,(20-32-49)] [O: CesConstraint,STUB_LENGTH,(269-47-22)]
[Ok][Addition] - [BE->FE] [P: CesElectricalNet,PVREF1,(20-35-47)] [O: CesConstraint,STUB_LENGTH,(269-48-22)]
[Ok][Addition] - [BE->FE] [P: CesPhysicalNet,PVREF1,(20-35-49)] [O: CesConstraint,STUB_LENGTH,(269-49-22)]
[Ok][Addition] - [BE->FE] [P: CesElectricalNet,+1.8V,(20-36-47)] [O: CesConstraint,STUB_LENGTH,(269-50-22)]
[Ok][Addition] - [BE->FE] [P: CesPhysicalNet,+1.8V,(20-36-49)] [O: CesConstraint,STUB_LENGTH,(269-51-22)]
[Ok][Addition] - [BE->FE] [P: CesElectricalNet,$1N1792,(22-2-47)] [O: CesConstraint,STUB_LENGTH,(269-52-22)]
[Ok][Addition] - [BE->FE] [P: CesPhysicalNet,$1N1792,(22-2-49)] [O: CesConstraint,STUB_LENGTH,(269-53-22)]
[Ok][Addition] - [BE->FE] [P: CesElectricalNet,$1N1827,(22-3-47)] [O: CesConstraint,STUB_LENGTH,(269-54-22)]
[Ok][Addition] - [BE->FE] [P: CesPhysicalNet,$1N1827,(22-3-49)] [O: CesConstraint,STUB_LENGTH,(269-55-22)]
[Ok][Addition] - [BE->FE] [P: CesElectricalNet,$1N2324,(24-117-47)] [O: CesConstraint,STUB_LENGTH,(269-56-22)]
[Ok][Addition] - [BE->FE] [P: CesPhysicalNet,$1N2324,(24-117-49)] [O: CesConstraint,STUB_LENGTH,(269-57-22)]
[Ok][Addition] - [BE->FE] [P: CesElectricalNet,PVREF2,(24-118-47)] [O: CesConstraint,STUB_LENGTH,(269-58-22)]
[Ok][Addition] - [BE->FE] [P: CesPhysicalNet,PVREF2,(24-118-49)] [O: CesConstraint,STUB_LENGTH,(269-59-22)]
[Ok][Addition] - [BE->FE] [P: CesElectricalNet,VREF2,(24-119-47)] [O: CesConstraint,STUB_LENGTH,(269-60-22)]
[Ok][Addition] - [BE->FE] [P: CesPhysicalNet,VREF2,(24-119-49)] [O: CesConstraint,STUB_LENGTH,(269-61-22)]
[Ok][Addition] - [BE->FE] [P: CesElectricalNet,$1N2253,(24-111-47)] [O: CesConstraint,STUB_LENGTH,(269-62-22)]
[Ok][Addition] - [BE->FE] [P: CesPhysicalNet,$1N2253,(24-111-49)] [O: CesConstraint,STUB_LENGTH,(269-63-22)]
[Ok][Addition] - [BE->FE] [P: CesConstraintClass,DDR3_DATA,(31-1-26)] [O: CesConstraint,STUB_LENGTH,(269-64-22)]
[Ok][Addition] - [BE->FE] [P: CesElectricalNet,D0,(24-34-47)] [O: CesConstraint,STUB_LENGTH,(269-65-22)]
[Ok][Addition] - [BE->FE] [P: CesPhysicalNet,D0,(24-34-49)] [O: CesConstraint,STUB_LENGTH,(269-66-22)]
[Ok][Addition] - [BE->FE] [P: CesElectricalNet,D1,(24-35-47)] [O: CesConstraint,STUB_LENGTH,(269-67-22)]
[Ok][Addition] - [BE->FE] [P: CesPhysicalNet,D1,(24-35-49)] [O: CesConstraint,STUB_LENGTH,(269-68-22)]
[Ok][Addition] - [BE->FE] [P: CesElectricalNet,D2,(24-36-47)] [O: CesConstraint,STUB_LENGTH,(269-69-22)]
[Ok][Addition] - [BE->FE] [P: CesPhysicalNet,D2,(24-36-49)] [O: CesConstraint,STUB_LENGTH,(269-70-22)]
[Ok][Addition] - [BE->FE] [P: CesElectricalNet,D3,(24-37-47)] [O: CesConstraint,STUB_LENGTH,(269-71-22)]
[Ok][Addition] - [BE->FE] [P: CesPhysicalNet,D3,(24-37-49)] [O: CesConstraint,STUB_LENGTH,(269-72-22)]
[Ok][Addition] - [BE->FE] [P: CesElectricalNet,D4,(24-38-47)] [O: CesConstraint,STUB_LENGTH,(269-73-22)]
[Ok][Addition] - [BE->FE] [P: CesPhysicalNet,D4,(24-38-49)] [O: CesConstraint,STUB_LENGTH,(269-74-22)]
[Ok][Addition] - [BE->FE] [P: CesElectricalNet,D5,(24-39-47)] [O: CesConstraint,STUB_LENGTH,(269-75-22)]
[Ok][Addition] - [BE->FE] [P: CesPhysicalNet,D5,(24-39-49)] [O: CesConstraint,STUB_LENGTH,(269-76-22)]
[Ok][Addition] - [BE->FE] [P: CesElectricalNet,D6,(24-40-47)] [O: CesConstraint,STUB_LENGTH,(269-77-22)]
[Ok][Addition] - [BE->FE] [P: CesPhysicalNet,D6,(24-40-49)] [O: CesConstraint,STUB_LENGTH,(269-78-22)]
[Ok][Addition] - [BE->FE] [P: CesElectricalNet,D7,(24-41-47)] [O: CesConstraint,STUB_LENGTH,(269-79-22)]
[Ok][Addition] - [BE->FE] [P: CesPhysicalNet,D7,(24-41-49)] [O: CesConstraint,STUB_LENGTH,(269-80-22)]
[Ok][Addition] - [BE->FE] [P: CesElectricalNet,D8,(24-42-47)] [O: CesConstraint,STUB_LENGTH,(269-81-22)]
[Ok][Addition] - [BE->FE] [P: CesPhysicalNet,D8,(24-42-49)] [O: CesConstraint,STUB_LENGTH,(269-82-22)]
[Ok][Addition] - [BE->FE] [P: CesElectricalNet,D9,(24-43-47)] [O: CesConstraint,STUB_LENGTH,(269-83-22)]
[Ok][Addition] - [BE->FE] [P: CesPhysicalNet,D9,(24-43-49)] [O: CesConstraint,STUB_LENGTH,(269-84-22)]
[Ok][Addition] - [BE->FE] [P: CesElectricalNet,D10,(24-44-47)] [O: CesConstraint,STUB_LENGTH,(269-85-22)]
[Ok][Addition] - [BE->FE] [P: CesPhysicalNet,D10,(24-44-49)] [O: CesConstraint,STUB_LENGTH,(269-86-22)]
[Ok][Addition] - [BE->FE] [P: CesElectricalNet,D14,(24-49-47)] [O: CesConstraint,STUB_LENGTH,(269-87-22)]
[Ok][Addition] - [BE->FE] [P: CesPhysicalNet,D14,(24-49-49)] [O: CesConstraint,STUB_LENGTH,(269-88-22)]
[Ok][Addition] - [BE->FE] [P: CesElectricalNet,D13,(24-50-47)] [O: CesConstraint,STUB_LENGTH,(269-89-22)]
[Ok][Addition] - [BE->FE] [P: CesPhysicalNet,D13,(24-50-49)] [O: CesConstraint,STUB_LENGTH,(269-90-22)]
[Ok][Addition] - [BE->FE] [P: CesElectricalNet,D12,(24-51-47)] [O: CesConstraint,STUB_LENGTH,(269-91-22)]
[Ok][Addition] - [BE->FE] [P: CesPhysicalNet,D12,(24-51-49)] [O: CesConstraint,STUB_LENGTH,(269-92-22)]
[Ok][Addition] - [BE->FE] [P: CesElectricalNet,D11,(24-52-47)] [O: CesConstraint,STUB_LENGTH,(269-93-22)]
[Ok][Addition] - [BE->FE] [P: CesPhysicalNet,D11,(24-52-49)] [O: CesConstraint,STUB_LENGTH,(269-94-22)]
[Ok][Addition] - [BE->FE] [P: CesElectricalNet,D15,(24-53-47)] [O: CesConstraint,STUB_LENGTH,(269-95-22)]
[Ok][Addition] - [BE->FE] [P: CesPhysicalNet,D15,(24-53-49)] [O: CesConstraint,STUB_LENGTH,(269-96-22)]
[Ok][Addition] - [BE->FE] [P: CesConstraintClass,DD3_ADDR,(31-2-26)] [O: CesConstraint,STUB_LENGTH,(269-97-22)]
[Ok][Addition] - [BE->FE] [P: CesElectricalNet,A0,(24-1-47)] [O: CesConstraint,STUB_LENGTH,(269-98-22)]
[Ok][Addition] - [BE->FE] [P: CesPhysicalNet,A0,(24-1-49)] [O: CesConstraint,STUB_LENGTH,(269-99-22)]
[Ok][Addition] - [BE->FE] [P: CesElectricalNet,A1,(24-2-47)] [O: CesConstraint,STUB_LENGTH,(269-100-22)]
[Ok][Addition] - [BE->FE] [P: CesPhysicalNet,A1,(24-2-49)] [O: CesConstraint,STUB_LENGTH,(269-101-22)]
[Ok][Addition] - [BE->FE] [P: CesElectricalNet,A2,(24-3-47)] [O: CesConstraint,STUB_LENGTH,(269-102-22)]
[Ok][Addition] - [BE->FE] [P: CesPhysicalNet,A2,(24-3-49)] [O: CesConstraint,STUB_LENGTH,(269-103-22)]
[Ok][Addition] - [BE->FE] [P: CesElectricalNet,A3,(24-4-47)] [O: CesConstraint,STUB_LENGTH,(269-104-22)]
[Ok][Addition] - [BE->FE] [P: CesPhysicalNet,A3,(24-4-49)] [O: CesConstraint,STUB_LENGTH,(269-105-22)]
[Ok][Addition] - [BE->FE] [P: CesElectricalNet,A4,(24-72-47)] [O: CesConstraint,STUB_LENGTH,(269-106-22)]
[Ok][Addition] - [BE->FE] [P: CesPhysicalNet,A4,(24-72-49)] [O: CesConstraint,STUB_LENGTH,(269-107-22)]
[Ok][Addition] - [BE->FE] [P: CesElectricalNet,A5,(24-73-47)] [O: CesConstraint,STUB_LENGTH,(269-108-22)]
[Ok][Addition] - [BE->FE] [P: CesPhysicalNet,A5,(24-73-49)] [O: CesConstraint,STUB_LENGTH,(269-109-22)]
[Ok][Addition] - [BE->FE] [P: CesElectricalNet,A6,(24-74-47)] [O: CesConstraint,STUB_LENGTH,(269-110-22)]
[Ok][Addition] - [BE->FE] [P: CesPhysicalNet,A6,(24-74-49)] [O: CesConstraint,STUB_LENGTH,(269-111-22)]
[Ok][Addition] - [BE->FE] [P: CesElectricalNet,A7,(24-75-47)] [O: CesConstraint,STUB_LENGTH,(269-112-22)]
[Ok][Addition] - [BE->FE] [P: CesPhysicalNet,A7,(24-75-49)] [O: CesConstraint,STUB_LENGTH,(269-113-22)]
[Ok][Addition] - [BE->FE] [P: CesElectricalNet,A8,(24-76-47)] [O: CesConstraint,STUB_LENGTH,(269-114-22)]
[Ok][Addition] - [BE->FE] [P: CesPhysicalNet,A8,(24-76-49)] [O: CesConstraint,STUB_LENGTH,(269-115-22)]
[Ok][Addition] - [BE->FE] [P: CesElectricalNet,A9,(24-77-47)] [O: CesConstraint,STUB_LENGTH,(269-116-22)]
[Ok][Addition] - [BE->FE] [P: CesPhysicalNet,A9,(24-77-49)] [O: CesConstraint,STUB_LENGTH,(269-117-22)]
[Ok][Addition] - [BE->FE] [P: CesElectricalNet,A10,(24-78-47)] [O: CesConstraint,STUB_LENGTH,(269-118-22)]
[Ok][Addition] - [BE->FE] [P: CesPhysicalNet,A10,(24-78-49)] [O: CesConstraint,STUB_LENGTH,(269-119-22)]
[Ok][Addition] - [BE->FE] [P: CesElectricalNet,A11,(24-79-47)] [O: CesConstraint,STUB_LENGTH,(269-120-22)]
[Ok][Addition] - [BE->FE] [P: CesPhysicalNet,A11,(24-79-49)] [O: CesConstraint,STUB_LENGTH,(269-121-22)]
[Ok][Addition] - [BE->FE] [P: CesElectricalNet,SDA10,(24-13-47)] [O: CesConstraint,STUB_LENGTH,(269-122-22)]
[Ok][Addition] - [BE->FE] [P: CesPhysicalNet,SDA10,(24-13-49)] [O: CesConstraint,STUB_LENGTH,(269-123-22)]
[Ok][Addition] - [BE->FE] [P: CesElectricalNet,A12,(24-80-47)] [O: CesConstraint,STUB_LENGTH,(269-124-22)]
[Ok][Addition] - [BE->FE] [P: CesPhysicalNet,A12,(24-80-49)] [O: CesConstraint,STUB_LENGTH,(269-125-22)]
[Ok][Addition] - [BE->FE] [P: CesElectricalNet,A13,(24-81-47)] [O: CesConstraint,STUB_LENGTH,(269-126-22)]
[Ok][Addition] - [BE->FE] [P: CesPhysicalNet,A13,(24-81-49)] [O: CesConstraint,STUB_LENGTH,(269-127-22)]
[Ok][Addition] - [BE->FE] [P: CesElectricalNet,A14,(24-82-47)] [O: CesConstraint,STUB_LENGTH,(269-128-22)]
[Ok][Addition] - [BE->FE] [P: CesPhysicalNet,A14,(24-82-49)] [O: CesConstraint,STUB_LENGTH,(269-129-22)]
[Ok][Addition] - [BE->FE] [P: CesElectricalNet,A15,(24-83-47)] [O: CesConstraint,STUB_LENGTH,(269-130-22)]
[Ok][Addition] - [BE->FE] [P: CesPhysicalNet,A15,(24-83-49)] [O: CesConstraint,STUB_LENGTH,(269-131-22)]
[Ok][Addition] - [BE->FE] [P: CesElectricalNet,A16,(24-84-47)] [O: CesConstraint,STUB_LENGTH,(269-132-22)]
[Ok][Addition] - [BE->FE] [P: CesPhysicalNet,A16,(24-84-49)] [O: CesConstraint,STUB_LENGTH,(269-133-22)]
[Ok][Addition] - [BE->FE] [P: CesElectricalNet,A17,(24-85-47)] [O: CesConstraint,STUB_LENGTH,(269-134-22)]
[Ok][Addition] - [BE->FE] [P: CesPhysicalNet,A17,(24-85-49)] [O: CesConstraint,STUB_LENGTH,(269-135-22)]
[Ok][Addition] - [BE->FE] [P: CesElectricalNet,A18,(24-86-47)] [O: CesConstraint,STUB_LENGTH,(269-136-22)]
[Ok][Addition] - [BE->FE] [P: CesPhysicalNet,A18,(24-86-49)] [O: CesConstraint,STUB_LENGTH,(269-137-22)]
[Ok][Addition] - [BE->FE] [P: CesElectricalNet,A19,(24-87-47)] [O: CesConstraint,STUB_LENGTH,(269-138-22)]
[Ok][Addition] - [BE->FE] [P: CesPhysicalNet,A19,(24-87-49)] [O: CesConstraint,STUB_LENGTH,(269-139-22)]
[Ok][Addition] - [BE->FE] [P: CesConstraintClass,DDR3_CTRL,(31-3-26)] [O: CesConstraint,STUB_LENGTH,(269-140-22)]
[Ok][Addition] - [BE->FE] [P: CesElectricalNet,CAS,(24-22-47)] [O: CesConstraint,STUB_LENGTH,(269-141-22)]
[Ok][Addition] - [BE->FE] [P: CesPhysicalNet,CAS,(24-22-49)] [O: CesConstraint,STUB_LENGTH,(269-142-22)]
[Ok][Addition] - [BE->FE] [P: CesElectricalNet,RAS,(24-23-47)] [O: CesConstraint,STUB_LENGTH,(269-143-22)]
[Ok][Addition] - [BE->FE] [P: CesPhysicalNet,RAS,(24-23-49)] [O: CesConstraint,STUB_LENGTH,(269-144-22)]
[Ok][Addition] - [BE->FE] [P: CesElectricalNet,SDWE,(24-24-47)] [O: CesConstraint,STUB_LENGTH,(269-145-22)]
[Ok][Addition] - [BE->FE] [P: CesPhysicalNet,SDWE,(24-24-49)] [O: CesConstraint,STUB_LENGTH,(269-146-22)]
[Ok][Addition] - [BE->FE] [P: CesElectricalNet,SDCKE,(24-25-47)] [O: CesConstraint,STUB_LENGTH,(269-147-22)]
[Ok][Addition] - [BE->FE] [P: CesPhysicalNet,SDCKE,(24-25-49)] [O: CesConstraint,STUB_LENGTH,(269-148-22)]
[Ok][Addition] - [BE->FE] [P: CesElectricalNet,nSDCK,(24-26-47)] [O: CesConstraint,STUB_LENGTH,(269-149-22)]
[Ok][Addition] - [BE->FE] [P: CesPhysicalNet,nSDCK,(24-26-49)] [O: CesConstraint,STUB_LENGTH,(269-150-22)]
[Ok][Addition] - [BE->FE] [P: CesElectricalNet,SDCK,(24-27-47)] [O: CesConstraint,STUB_LENGTH,(269-151-22)]
[Ok][Addition] - [BE->FE] [P: CesPhysicalNet,SDCK,(24-27-49)] [O: CesConstraint,STUB_LENGTH,(269-152-22)]
[Ok][Addition] - [BE->FE] [P: CesElectricalNet,NWR3,(24-28-47)] [O: CesConstraint,STUB_LENGTH,(269-153-22)]
[Ok][Addition] - [BE->FE] [P: CesPhysicalNet,NWR3,(24-28-49)] [O: CesConstraint,STUB_LENGTH,(269-154-22)]
[Ok][Addition] - [BE->FE] [P: CesElectricalNet,NWR1,(24-29-47)] [O: CesConstraint,STUB_LENGTH,(269-155-22)]
[Ok][Addition] - [BE->FE] [P: CesPhysicalNet,NWR1,(24-29-49)] [O: CesConstraint,STUB_LENGTH,(269-156-22)]
[Ok][Addition] - [BE->FE] [P: CesElectricalNet,NWR0,(24-30-47)] [O: CesConstraint,STUB_LENGTH,(269-157-22)]
[Ok][Addition] - [BE->FE] [P: CesPhysicalNet,NWR0,(24-30-49)] [O: CesConstraint,STUB_LENGTH,(269-158-22)]
[Ok][Addition] - [BE->FE] [P: CesElectricalNet,NCS1,(24-31-47)] [O: CesConstraint,STUB_LENGTH,(269-159-22)]
[Ok][Addition] - [BE->FE] [P: CesPhysicalNet,NCS1,(24-31-49)] [O: CesConstraint,STUB_LENGTH,(269-160-22)]
[Ok][Addition] - [BE->FE] [P: CesElectricalNet,DQS0,(24-88-47)] [O: CesConstraint,STUB_LENGTH,(269-161-22)]
[Ok][Addition] - [BE->FE] [P: CesPhysicalNet,DQS0,(24-88-49)] [O: CesConstraint,STUB_LENGTH,(269-162-22)]
[Ok][Addition] - [BE->FE] [P: CesElectricalNet,NRD,(24-33-47)] [O: CesConstraint,STUB_LENGTH,(269-163-22)]
[Ok][Addition] - [BE->FE] [P: CesPhysicalNet,NRD,(24-33-49)] [O: CesConstraint,STUB_LENGTH,(269-164-22)]
[Ok][Addition] - [BE->FE] [P: CesElectricalNet,DQM1,(24-45-47)] [O: CesConstraint,STUB_LENGTH,(269-165-22)]
[Ok][Addition] - [BE->FE] [P: CesPhysicalNet,DQM1,(24-45-49)] [O: CesConstraint,STUB_LENGTH,(269-166-22)]
[Ok][Addition] - [BE->FE] [P: CesElectricalNet,DQM0,(24-46-47)] [O: CesConstraint,STUB_LENGTH,(269-167-22)]
[Ok][Addition] - [BE->FE] [P: CesPhysicalNet,DQM0,(24-46-49)] [O: CesConstraint,STUB_LENGTH,(269-168-22)]
[Ok][Addition] - [BE->FE] [P: CesElectricalNet,DQS1,(24-47-47)] [O: CesConstraint,STUB_LENGTH,(269-169-22)]
[Ok][Addition] - [BE->FE] [P: CesPhysicalNet,DQS1,(24-47-49)] [O: CesConstraint,STUB_LENGTH,(269-170-22)]
[Ok][Addition] - [BE->FE] [P: CesElectricalNet,NCS0,(24-113-47)] [O: CesConstraint,STUB_LENGTH,(269-171-22)]
[Ok][Addition] - [BE->FE] [P: CesPhysicalNet,NCS0,(24-113-49)] [O: CesConstraint,STUB_LENGTH,(269-172-22)]
[Ok][Addition] - [BE->FE] [P: CesConstraintClass,NAND_DA,(31-4-26)] [O: CesConstraint,STUB_LENGTH,(269-173-22)]
[Ok][Addition] - [BE->FE] [P: CesElectricalNet,ND2,(24-89-47)] [O: CesConstraint,STUB_LENGTH,(269-174-22)]
[Ok][Addition] - [BE->FE] [P: CesPhysicalNet,ND2,(24-89-49)] [O: CesConstraint,STUB_LENGTH,(269-175-22)]
[Ok][Addition] - [BE->FE] [P: CesElectricalNet,ND1,(24-64-47)] [O: CesConstraint,STUB_LENGTH,(269-176-22)]
[Ok][Addition] - [BE->FE] [P: CesPhysicalNet,ND1,(24-64-49)] [O: CesConstraint,STUB_LENGTH,(269-177-22)]
[Ok][Addition] - [BE->FE] [P: CesElectricalNet,ND3,(24-90-47)] [O: CesConstraint,STUB_LENGTH,(269-178-22)]
[Ok][Addition] - [BE->FE] [P: CesPhysicalNet,ND3,(24-90-49)] [O: CesConstraint,STUB_LENGTH,(269-179-22)]
[Ok][Addition] - [BE->FE] [P: CesElectricalNet,ND4,(24-91-47)] [O: CesConstraint,STUB_LENGTH,(269-180-22)]
[Ok][Addition] - [BE->FE] [P: CesPhysicalNet,ND4,(24-91-49)] [O: CesConstraint,STUB_LENGTH,(269-181-22)]
[Ok][Addition] - [BE->FE] [P: CesElectricalNet,ND5,(24-92-47)] [O: CesConstraint,STUB_LENGTH,(269-182-22)]
[Ok][Addition] - [BE->FE] [P: CesPhysicalNet,ND5,(24-92-49)] [O: CesConstraint,STUB_LENGTH,(269-183-22)]
[Ok][Addition] - [BE->FE] [P: CesElectricalNet,ND6,(24-93-47)] [O: CesConstraint,STUB_LENGTH,(269-184-22)]
[Ok][Addition] - [BE->FE] [P: CesPhysicalNet,ND6,(24-93-49)] [O: CesConstraint,STUB_LENGTH,(269-185-22)]
[Ok][Addition] - [BE->FE] [P: CesElectricalNet,ND7,(24-94-47)] [O: CesConstraint,STUB_LENGTH,(269-186-22)]
[Ok][Addition] - [BE->FE] [P: CesPhysicalNet,ND7,(24-94-49)] [O: CesConstraint,STUB_LENGTH,(269-187-22)]
[Ok][Addition] - [BE->FE] [P: CesElectricalNet,ND8,(24-95-47)] [O: CesConstraint,STUB_LENGTH,(269-188-22)]
[Ok][Addition] - [BE->FE] [P: CesPhysicalNet,ND8,(24-95-49)] [O: CesConstraint,STUB_LENGTH,(269-189-22)]
[Ok][Addition] - [BE->FE] [P: CesConstraintClass,NAND_CTRL,(31-5-26)] [O: CesConstraint,STUB_LENGTH,(269-190-22)]
[Ok][Addition] - [BE->FE] [P: CesElectricalNet,NANDOE,(24-58-47)] [O: CesConstraint,STUB_LENGTH,(269-191-22)]
[Ok][Addition] - [BE->FE] [P: CesPhysicalNet,NANDOE,(24-58-49)] [O: CesConstraint,STUB_LENGTH,(269-192-22)]
[Ok][Addition] - [BE->FE] [P: CesElectricalNet,NANDWE,(24-59-47)] [O: CesConstraint,STUB_LENGTH,(269-193-22)]
[Ok][Addition] - [BE->FE] [P: CesPhysicalNet,NANDWE,(24-59-49)] [O: CesConstraint,STUB_LENGTH,(269-194-22)]
[Ok][Addition] - [BE->FE] [P: CesElectricalNet,NANDALE,(24-60-47)] [O: CesConstraint,STUB_LENGTH,(269-195-22)]
[Ok][Addition] - [BE->FE] [P: CesPhysicalNet,NANDALE,(24-60-49)] [O: CesConstraint,STUB_LENGTH,(269-196-22)]
[Ok][Addition] - [BE->FE] [P: CesElectricalNet,NANDCLE,(24-61-47)] [O: CesConstraint,STUB_LENGTH,(269-197-22)]
[Ok][Addition] - [BE->FE] [P: CesPhysicalNet,NANDCLE,(24-61-49)] [O: CesConstraint,STUB_LENGTH,(269-198-22)]
[Ok][Addition] - [BE->FE] [P: CesElectricalNet,NANDCS,(24-62-47)] [O: CesConstraint,STUB_LENGTH,(269-199-22)]
[Ok][Addition] - [BE->FE] [P: CesPhysicalNet,NANDCS,(24-62-49)] [O: CesConstraint,STUB_LENGTH,(269-200-22)]
[Ok][Addition] - [BE->FE] [P: CesElectricalNet,NWAIT,(24-63-47)] [O: CesConstraint,STUB_LENGTH,(269-201-22)]
[Ok][Addition] - [BE->FE] [P: CesPhysicalNet,NWAIT,(24-63-49)] [O: CesConstraint,STUB_LENGTH,(269-202-22)]
[Ok][Addition] - [BE->FE] [P: CesConstraintClass,MEM,(66-1-26)] [O: CesConstraint,STUB_LENGTH,(269-203-22)]
[Ok][Addition] - [BE->FE] [P: CesElectricalNet,MISO,(24-54-47)] [O: CesConstraint,STUB_LENGTH,(269-204-22)]
[Ok][Addition] - [BE->FE] [P: CesPhysicalNet,MISO,(24-54-49)] [O: CesConstraint,STUB_LENGTH,(269-205-22)]
[Ok][Addition] - [BE->FE] [P: CesElectricalNet,MOSI,(24-55-47)] [O: CesConstraint,STUB_LENGTH,(269-206-22)]
[Ok][Addition] - [BE->FE] [P: CesPhysicalNet,MOSI,(24-55-49)] [O: CesConstraint,STUB_LENGTH,(269-207-22)]
[Ok][Addition] - [BE->FE] [P: CesElectricalNet,SCK,(24-56-47)] [O: CesConstraint,STUB_LENGTH,(269-208-22)]
[Ok][Addition] - [BE->FE] [P: CesPhysicalNet,SCK,(24-56-49)] [O: CesConstraint,STUB_LENGTH,(269-209-22)]
[Ok][Addition] - [BE->FE] [P: CesElectricalNet,NPCS,(24-57-47)] [O: CesConstraint,STUB_LENGTH,(269-210-22)]
[Ok][Addition] - [BE->FE] [P: CesPhysicalNet,NPCS,(24-57-49)] [O: CesConstraint,STUB_LENGTH,(269-211-22)]
[Ok][Addition] - [BE->FE] [P: CesLayerRule,CesLayerRule,(110-77-40)] [O: CesConstraint,MIN_TRACE_WIDTH,(289-1-22)]
[Ok][Addition] - [BE->FE] [P: CesLayerRule,CesLayerRule,(110-17-40)] [O: CesConstraint,MIN_TRACE_WIDTH,(289-2-22)]
[Ok][Addition] - [BE->FE] [P: CesLayerRule,CesLayerRule,(110-37-40)] [O: CesConstraint,MIN_TRACE_WIDTH,(289-3-22)]
[Ok][Addition] - [BE->FE] [P: CesLayerRule,CesLayerRule,(110-37-40)] [O: CesConstraint,TYP_IMPEDANCE,(289-4-22)]
[Ok][Addition] - [BE->FE] [P: CesLayerRule,CesLayerRule,(110-37-40)] [O: CesConstraint,DIFF_IMPEDANCE,(289-5-22)]
[Ok][Addition] - [BE->FE] [P: CesLayerRule,CesLayerRule,(110-57-40)] [O: CesConstraint,MIN_TRACE_WIDTH,(289-6-22)]
[Ok][Addition] - [BE->FE] [P: CesLayerRule,CesLayerRule,(110-17-40)] [O: CesConstraint,TYP_TRACE_WIDTH,(289-7-22)]
[Ok][Addition] - [BE->FE] [P: CesLayerRule,CesLayerRule,(110-17-40)] [O: CesConstraint,EXP_TRACE_WIDTH,(289-8-22)]
[Ok][Addition] - [BE->FE] [P: CesLayerRule,CesLayerRule,(110-37-40)] [O: CesConstraint,TYP_TRACE_WIDTH,(289-9-22)]
[Ok][Addition] - [BE->FE] [P: CesLayerRule,CesLayerRule,(110-37-40)] [O: CesConstraint,EXP_TRACE_WIDTH,(289-10-22)]
[Ok][Addition] - [BE->FE] [P: CesLayerRule,CesLayerRule,(110-57-40)] [O: CesConstraint,TYP_TRACE_WIDTH,(289-11-22)]
[Ok][Addition] - [BE->FE] [P: CesLayerRule,CesLayerRule,(110-57-40)] [O: CesConstraint,EXP_TRACE_WIDTH,(289-12-22)]
[Ok][Addition] - [BE->FE] [P: CesLayerRule,CesLayerRule,(110-77-40)] [O: CesConstraint,TYP_TRACE_WIDTH,(289-13-22)]
[Ok][Addition] - [BE->FE] [P: CesLayerRule,CesLayerRule,(110-77-40)] [O: CesConstraint,EXP_TRACE_WIDTH,(289-14-22)]
[Ok][Addition] - [BE->FE] [P: CesLayerRule,CesLayerRule,(78-10-40)] [O: CesConstraint,TYP_IMPEDANCE,(289-15-22)]
[Ok][Addition] - [BE->FE] [P: CesLayerRule,CesLayerRule,(78-10-40)] [O: CesConstraint,DIFF_IMPEDANCE,(289-16-22)]
[Ok][Addition] - [BE->FE] [P: CesSchemeNetClassRule,PWR_020_MIL,(78-2-38)] [O: CesConstraint,MIN_TRACE_WIDTH,(292-1-22)]
[Ok][Addition] - [BE->FE] [P: CesSchemeNetClassRule,PWR_020_MIL,(78-2-38)] [O: CesConstraint,TYP_TRACE_WIDTH,(292-2-22)]
[Ok][Addition] - [BE->FE] [P: CesSchemeNetClassRule,PWR_020_MIL,(78-2-38)] [O: CesConstraint,EXP_TRACE_WIDTH,(292-3-22)]
[Ok][Addition] - [BE->FE] [P: CesLayer,PLANE_1,(5-4-23)] [O: CesConstraint,PLANE_NETS,(301-55-22)]
[Ok][Addition] - [BE->FE] [P: CesLayer,PLANE_1,(5-4-23)] [O: CesConstraint,PNET_CLEARANCES,(301-56-22)]
[Ok][Addition] - [BE->FE] [P: CesLayer,PLANE_1,(5-4-23)] [O: CesConstraint,PNET_UBORDERS,(301-57-22)]
[Ok][Addition] - [BE->FE] [P: CesLayer,SIGNAL_3,(5-8-23)] [O: CesConstraint,PLANE_NETS,(301-58-22)]
[Ok][Addition] - [BE->FE] [P: CesLayer,SIGNAL_3,(5-8-23)] [O: CesConstraint,PNET_CLEARANCES,(301-59-22)]
[Ok][Addition] - [BE->FE] [P: CesLayer,SIGNAL_3,(5-8-23)] [O: CesConstraint,PNET_UBORDERS,(301-60-22)]
[Ok][Addition] - [BE->FE] [P: CesLayer,PLANE_2,(5-10-23)] [O: CesConstraint,PLANE_NETS,(301-61-22)]
[Ok][Addition] - [BE->FE] [P: CesLayer,PLANE_2,(5-10-23)] [O: CesConstraint,PNET_CLEARANCES,(301-62-22)]
[Ok][Addition] - [BE->FE] [P: CesLayer,PLANE_2,(5-10-23)] [O: CesConstraint,PNET_UBORDERS,(301-63-22)]
[Ok][Addition] - [BE->FE] [P: CesLayer,PLANE_3,(110-1-23)] [O: CesConstraint,PLANE_NETS,(301-64-22)]
[Ok][Addition] - [BE->FE] [P: CesLayer,PLANE_3,(110-1-23)] [O: CesConstraint,PNET_CLEARANCES,(301-65-22)]
[Ok][Addition] - [BE->FE] [P: CesLayer,PLANE_3,(110-1-23)] [O: CesConstraint,PNET_UBORDERS,(301-66-22)]
[Ok][Addition] - [BE->FE] [P: CesLayer,SIGNAL_4,(110-3-23)] [O: CesConstraint,PLANE_NETS,(301-67-22)]
[Ok][Addition] - [BE->FE] [P: CesLayer,SIGNAL_4,(110-3-23)] [O: CesConstraint,PNET_CLEARANCES,(301-68-22)]
[Ok][Addition] - [BE->FE] [P: CesLayer,SIGNAL_4,(110-3-23)] [O: CesConstraint,PNET_UBORDERS,(301-69-22)]
[Ok][Addition] - [BE->FE] [P: CesLayer,PLANE_4,(110-7-23)] [O: CesConstraint,PLANE_NETS,(301-70-22)]
[Ok][Addition] - [BE->FE] [P: CesLayer,PLANE_4,(110-7-23)] [O: CesConstraint,PNET_CLEARANCES,(301-71-22)]
[Ok][Addition] - [BE->FE] [P: CesLayer,PLANE_4,(110-7-23)] [O: CesConstraint,PNET_UBORDERS,(301-72-22)]
--------------------------------------------------------------------------------
 CES synchronization - END (2020-07-03 12:43:15) 
--------------------------------------------------------------------------------
--------------------------------------------------------------------------------
 VMVariant synchronization - START (2020-07-03 12:43:15) 
--------------------------------------------------------------------------------
--------------------------------------------------------------------------------
 VMVariant synchronization - END (2020-07-03 12:43:15) 
--------------------------------------------------------------------------------
--------------------------------------------------------------------------------
 Project integration - END (2020-07-03 12:43:16) 
--------------------------------------------------------------------------------
