--------------------------------------------------------------------------------
 Project integration - START (2020-06-02 17:58:05) 
--------------------------------------------------------------------------------
FE snapshot name: DxD
BE snapshot name: Board1_layout_temp
Top level block: (2-1-5)
Parameters: FAConstraints,FEWin,
--------------------------------------------------------------------------------
--------------------------------------------------------------------------------
 CES synchronization - START (2020-06-02 17:58:05) 
--------------------------------------------------------------------------------

--------------------------------------------------------------------------------
 TOPOLOGY synchronization - START (2020-06-02 17:58:05) 
--------------------------------------------------------------------------------
--------------------------------------------------------------------------------
 TOPOLOGY synchronization - END (2020-06-02 17:58:05) 
--------------------------------------------------------------------------------
--------------------------------------------------------------------------------
 CES synchronization - END (2020-06-02 17:58:05) 
--------------------------------------------------------------------------------
--------------------------------------------------------------------------------
 Project integration - END (2020-06-02 17:58:05) 
--------------------------------------------------------------------------------
